<?xml version="1.0" encoding="utf-8"?>
<CoverageSession xmlns:xsd="http://www.w3.org/2001/XMLSchema" xmlns:xsi="http://www.w3.org/2001/XMLSchema-instance" Version="0.0.0.0">
  <Summary numSequencePoints="1512" visitedSequencePoints="643" numBranchPoints="0" visitedBranchPoints="0" sequenceCoverage="42.53" branchCoverage="0.0" maxCyclomaticComplexity="0" minCyclomaticComplexity="0" maxCrapScore="0" minCrapScore="0" visitedClasses="36" numClasses="60" visitedMethods="93" numMethods="151" />
  <Modules>
    <Module>
      <Summary numSequencePoints="1019" visitedSequencePoints="567" numBranchPoints="0" visitedBranchPoints="0" sequenceCoverage="55.64" branchCoverage="0.0" maxCyclomaticComplexity="0" minCyclomaticComplexity="0" maxCrapScore="0" minCrapScore="0" visitedClasses="35" numClasses="40" visitedMethods="84" numMethods="89" />
      <ModuleTime>0001-01-01T00:00:00</ModuleTime>
      <ModuleName>Assembly-CSharp</ModuleName>
      <Files>
        <File uid="1" fullPath="C:/Users/carlo/Documents/GitHub/YearsOfDesolation-Online-Game/Assets/3D models/Map/ZerinLabs_lowpolyPack_SciFi/ScriptsEditor/scrEdit_objectGridRepositioneer.cs" />
        <File uid="2" fullPath="C:/Users/carlo/Documents/GitHub/YearsOfDesolation-Online-Game/Assets/3D models/Map/ZerinLabs_lowpolyPack_SciFi/ScriptsEditor/scrEdit_objectSnap.cs" />
        <File uid="3" fullPath="C:/Users/carlo/Documents/GitHub/YearsOfDesolation-Online-Game/Assets/Debug/ConsoloToGUI.cs" />
        <File uid="4" fullPath="C:/Users/carlo/Documents/GitHub/YearsOfDesolation-Online-Game/Assets/Scripts/Bullet/BulletController.cs" />
        <File uid="5" fullPath="C:/Users/carlo/Documents/GitHub/YearsOfDesolation-Online-Game/Assets/Scripts/Coins/CoinBehaivor.cs" />
        <File uid="6" fullPath="C:/Users/carlo/Documents/GitHub/YearsOfDesolation-Online-Game/Assets/Scripts/Crosshair/CrosshairCreator.cs" />
        <File uid="7" fullPath="C:/Users/carlo/Documents/GitHub/YearsOfDesolation-Online-Game/Assets/Scripts/Crosshair/CrosshairItem.cs" />
        <File uid="8" fullPath="C:/Users/carlo/Documents/GitHub/YearsOfDesolation-Online-Game/Assets/Scripts/Debug_Testing/DebugManager.cs" />
        <File uid="9" fullPath="C:/Users/carlo/Documents/GitHub/YearsOfDesolation-Online-Game/Assets/Scripts/Enemies/EnemyBase.cs" />
        <File uid="10" fullPath="C:/Users/carlo/Documents/GitHub/YearsOfDesolation-Online-Game/Assets/Scripts/Enemies/EnemyController.cs" />
        <File uid="11" fullPath="C:/Users/carlo/Documents/GitHub/YearsOfDesolation-Online-Game/Assets/Scripts/GameLogic/GameController.cs" />
        <File uid="12" fullPath="C:/Users/carlo/Documents/GitHub/YearsOfDesolation-Online-Game/Assets/Scripts/GameLogic/MapLogic.cs" />
        <File uid="13" fullPath="C:/Users/carlo/Documents/GitHub/YearsOfDesolation-Online-Game/Assets/Scripts/GameLogic/PlayerZoneController.cs" />
        <File uid="14" fullPath="C:/Users/carlo/Documents/GitHub/YearsOfDesolation-Online-Game/Assets/Scripts/GameManager.cs" />
        <File uid="15" fullPath="C:/Users/carlo/Documents/GitHub/YearsOfDesolation-Online-Game/Assets/Scripts/Interfaces/IDestroyable.cs" />
        <File uid="16" fullPath="C:/Users/carlo/Documents/GitHub/YearsOfDesolation-Online-Game/Assets/Scripts/Interfaces/IPickable.cs" />
        <File uid="17" fullPath="C:/Users/carlo/Documents/GitHub/YearsOfDesolation-Online-Game/Assets/Scripts/Managers/DamageReceiverManager.cs" />
        <File uid="18" fullPath="C:/Users/carlo/Documents/GitHub/YearsOfDesolation-Online-Game/Assets/Scripts/Menu/CanvasController.cs" />
        <File uid="19" fullPath="C:/Users/carlo/Documents/GitHub/YearsOfDesolation-Online-Game/Assets/Scripts/Menu/HudElementUtilsFunctions.cs" />
        <File uid="20" fullPath="C:/Users/carlo/Documents/GitHub/YearsOfDesolation-Online-Game/Assets/Scripts/Menu/InteractiveUIController.cs" />
        <File uid="21" fullPath="C:/Users/carlo/Documents/GitHub/YearsOfDesolation-Online-Game/Assets/Scripts/Menu/LobbyItem.cs" />
        <File uid="22" fullPath="C:/Users/carlo/Documents/GitHub/YearsOfDesolation-Online-Game/Assets/Scripts/Menu/MainMenuController.cs" />
        <File uid="23" fullPath="C:/Users/carlo/Documents/GitHub/YearsOfDesolation-Online-Game/Assets/Scripts/Menu/Minimap/MinimapCameraController.cs" />
        <File uid="24" fullPath="C:/Users/carlo/Documents/GitHub/YearsOfDesolation-Online-Game/Assets/Scripts/Menu/Pause/PauseController.cs" />
        <File uid="25" fullPath="C:/Users/carlo/Documents/GitHub/YearsOfDesolation-Online-Game/Assets/Scripts/Menu/PlayerHudController.cs" />
        <File uid="26" fullPath="C:/Users/carlo/Documents/GitHub/YearsOfDesolation-Online-Game/Assets/Scripts/Menu/PostProccess/PostProccesingManager.cs" />
        <File uid="27" fullPath="C:/Users/carlo/Documents/GitHub/YearsOfDesolation-Online-Game/Assets/Scripts/Menu/StatsPanel/BuildController.cs" />
        <File uid="28" fullPath="C:/Users/carlo/Documents/GitHub/YearsOfDesolation-Online-Game/Assets/Scripts/Menu/StatsPanel/BuildObjectPairs.cs" />
        <File uid="29" fullPath="C:/Users/carlo/Documents/GitHub/YearsOfDesolation-Online-Game/Assets/Scripts/Menu/Utils/F_In_F_Out_Obj.cs" />
        <File uid="30" fullPath="C:/Users/carlo/Documents/GitHub/YearsOfDesolation-Online-Game/Assets/Scripts/Menu/Utils/NotificationItem.cs" />
        <File uid="31" fullPath="C:/Users/carlo/Documents/GitHub/YearsOfDesolation-Online-Game/Assets/Scripts/Menu/Utils/OptionObjectManager.cs" />
        <File uid="32" fullPath="C:/Users/carlo/Documents/GitHub/YearsOfDesolation-Online-Game/Assets/Scripts/Menu/Utils/SlotObjectController.cs" />
        <File uid="33" fullPath="C:/Users/carlo/Documents/GitHub/YearsOfDesolation-Online-Game/Assets/Scripts/Menu/Utils/StatsDisplayer.cs" />
        <File uid="34" fullPath="C:/Users/carlo/Documents/GitHub/YearsOfDesolation-Online-Game/Assets/Scripts/Menu/Utils/TaskList.cs" />
        <File uid="35" fullPath="C:/Users/carlo/Documents/GitHub/YearsOfDesolation-Online-Game/Assets/Scripts/Menu/Utils/TaskOject.cs" />
        <File uid="36" fullPath="C:/Users/carlo/Documents/GitHub/YearsOfDesolation-Online-Game/Assets/Scripts/Netcode/HostManager.cs" />
        <File uid="37" fullPath="C:/Users/carlo/Documents/GitHub/YearsOfDesolation-Online-Game/Assets/Scripts/Netcode/NetworkClientAnimator.cs" />
        <File uid="38" fullPath="C:/Users/carlo/Documents/GitHub/YearsOfDesolation-Online-Game/Assets/Scripts/Netcode/NetworkClientTransform.cs" />
        <File uid="39" fullPath="C:/Users/carlo/Documents/GitHub/YearsOfDesolation-Online-Game/Assets/Scripts/Netcode/NetworkSceneManager.cs" />
        <File uid="40" fullPath="C:/Users/carlo/Documents/GitHub/YearsOfDesolation-Online-Game/Assets/Scripts/Netcode/RpcTest.cs" />
        <File uid="41" fullPath="C:/Users/carlo/Documents/GitHub/YearsOfDesolation-Online-Game/Assets/Scripts/NetworkingHandling/EmbededNetwork.cs" />
        <File uid="42" fullPath="C:/Users/carlo/Documents/GitHub/YearsOfDesolation-Online-Game/Assets/Scripts/Optimization/MaxRenderLoadedActions.cs" />
        <File uid="43" fullPath="C:/Users/carlo/Documents/GitHub/YearsOfDesolation-Online-Game/Assets/Scripts/Optimization/WorldPartitionController.cs" />
        <File uid="44" fullPath="C:/Users/carlo/Documents/GitHub/YearsOfDesolation-Online-Game/Assets/Scripts/Players/AnimationController.cs" />
        <File uid="45" fullPath="C:/Users/carlo/Documents/GitHub/YearsOfDesolation-Online-Game/Assets/Scripts/Players/AnimationRiggingController.cs" />
        <File uid="46" fullPath="C:/Users/carlo/Documents/GitHub/YearsOfDesolation-Online-Game/Assets/Scripts/Players/BuildManager.cs" />
        <File uid="47" fullPath="C:/Users/carlo/Documents/GitHub/YearsOfDesolation-Online-Game/Assets/Scripts/Players/PlayerComponentsHandler.cs" />
        <File uid="48" fullPath="C:/Users/carlo/Documents/GitHub/YearsOfDesolation-Online-Game/Assets/Scripts/Players/PlayerController.cs" />
        <File uid="49" fullPath="C:/Users/carlo/Documents/GitHub/YearsOfDesolation-Online-Game/Assets/Scripts/Players/PlayerStates/States/ChangingWeaponState.cs" />
        <File uid="50" fullPath="C:/Users/carlo/Documents/GitHub/YearsOfDesolation-Online-Game/Assets/Scripts/Players/PlayerStatsController.cs" />
        <File uid="51" fullPath="C:/Users/carlo/Documents/GitHub/YearsOfDesolation-Online-Game/Assets/Scripts/Players/PlayerVFXController.cs" />
        <File uid="52" fullPath="C:/Users/carlo/Documents/GitHub/YearsOfDesolation-Online-Game/Assets/Scripts/Tutorial/TutorialManager.cs" />
        <File uid="53" fullPath="C:/Users/carlo/Documents/GitHub/YearsOfDesolation-Online-Game/Assets/Scripts/Tutorial/TutorialStages/Stage_KillEnemy.cs" />
        <File uid="54" fullPath="C:/Users/carlo/Documents/GitHub/YearsOfDesolation-Online-Game/Assets/Scripts/Tutorial/TutorialStages/Stage_PickBuild.cs" />
        <File uid="55" fullPath="C:/Users/carlo/Documents/GitHub/YearsOfDesolation-Online-Game/Assets/Scripts/Tutorial/TutorialStages/Stage_PickUpgrade.cs" />
        <File uid="56" fullPath="C:/Users/carlo/Documents/GitHub/YearsOfDesolation-Online-Game/Assets/Scripts/Tutorial/TutorialStages/Stage_PlayerZone.cs" />
        <File uid="57" fullPath="C:/Users/carlo/Documents/GitHub/YearsOfDesolation-Online-Game/Assets/Scripts/Tutorial/TutorialStages/Stage_TakeAmmo.cs" />
        <File uid="58" fullPath="C:/Users/carlo/Documents/GitHub/YearsOfDesolation-Online-Game/Assets/Scripts/Tutorial/TutorialStages/Stage_ZoneComing.cs" />
        <File uid="59" fullPath="C:/Users/carlo/Documents/GitHub/YearsOfDesolation-Online-Game/Assets/Scripts/Tutorial/TutorialStages/StartZone.cs" />
        <File uid="60" fullPath="C:/Users/carlo/Documents/GitHub/YearsOfDesolation-Online-Game/Assets/Scripts/Tutorial/TutorialStagesHandler.cs" />
        <File uid="61" fullPath="C:/Users/carlo/Documents/GitHub/YearsOfDesolation-Online-Game/Assets/Scripts/Tutorial/ZoneToReach.cs" />
        <File uid="62" fullPath="C:/Users/carlo/Documents/GitHub/YearsOfDesolation-Online-Game/Assets/Scripts/UtilsFunctions/MyUtilities.cs" />
        <File uid="63" fullPath="C:/Users/carlo/Documents/GitHub/YearsOfDesolation-Online-Game/Assets/Scripts/VFXBehaivor/FloatingTextController.cs" />
        <File uid="64" fullPath="C:/Users/carlo/Documents/GitHub/YearsOfDesolation-Online-Game/Assets/Scripts/VFXBehaivor/VFXController.cs" />
        <File uid="65" fullPath="C:/Users/carlo/Documents/GitHub/YearsOfDesolation-Online-Game/Assets/Scripts/Weapons/WeaponObjectController.cs" />
        <File uid="66" fullPath="C:/Users/carlo/Documents/GitHub/YearsOfDesolation-Online-Game/Assets/Shaders/UI/PostProccess/OutsideOfZone.cs" />
        <File uid="67" fullPath="C:/Users/carlo/Documents/GitHub/YearsOfDesolation-Online-Game/Assets/Shaders/UI/UIUtils/CustomUIPass.cs" />
        <File uid="68" fullPath="C:/Users/carlo/Documents/GitHub/YearsOfDesolation-Online-Game/Assets/TextMesh Pro/Examples &amp; Extras/Scripts/ChatController.cs" />
        <File uid="69" fullPath="C:/Users/carlo/Documents/GitHub/YearsOfDesolation-Online-Game/Assets/TextMesh Pro/Examples &amp; Extras/Scripts/DropdownSample.cs" />
        <File uid="70" fullPath="C:/Users/carlo/Documents/GitHub/YearsOfDesolation-Online-Game/Assets/TextMesh Pro/Examples &amp; Extras/Scripts/EnvMapAnimator.cs" />
        <File uid="71" fullPath="C:/Users/carlo/Documents/GitHub/YearsOfDesolation-Online-Game/Assets/Third Party/JMO Assets/Cartoon FX (legacy)/Demo/Assets/CFX_AutoStopLoopedEffect.cs" />
        <File uid="72" fullPath="C:/Users/carlo/Documents/GitHub/YearsOfDesolation-Online-Game/Assets/Third Party/JMO Assets/Cartoon FX (legacy)/Demo/Assets/CFX_Demo_New.cs" />
        <File uid="73" fullPath="C:/Users/carlo/Documents/GitHub/YearsOfDesolation-Online-Game/Assets/Third Party/JMO Assets/Cartoon FX (legacy)/Demo/Assets/CFX_Demo_RandomDir.cs" />
        <File uid="74" fullPath="C:/Users/carlo/Documents/GitHub/YearsOfDesolation-Online-Game/Assets/Third Party/JMO Assets/Cartoon FX (legacy)/Demo/Assets/CFX_Demo_RandomDirectionTranslate.cs" />
        <File uid="75" fullPath="C:/Users/carlo/Documents/GitHub/YearsOfDesolation-Online-Game/Assets/Third Party/JMO Assets/Cartoon FX (legacy)/Demo/Assets/CFX_Demo_RotateCamera.cs" />
        <File uid="76" fullPath="C:/Users/carlo/Documents/GitHub/YearsOfDesolation-Online-Game/Assets/Third Party/JMO Assets/Cartoon FX (legacy)/Demo/Assets/CFX_Demo_Translate.cs" />
        <File uid="77" fullPath="C:/Users/carlo/Documents/GitHub/YearsOfDesolation-Online-Game/Assets/Third Party/JMO Assets/Cartoon FX (legacy)/Scripts/CFX_AutoDestructShuriken.cs" />
        <File uid="78" fullPath="C:/Users/carlo/Documents/GitHub/YearsOfDesolation-Online-Game/Assets/Third Party/JMO Assets/Cartoon FX (legacy)/Scripts/CFX_AutoRotate.cs" />
        <File uid="79" fullPath="C:/Users/carlo/Documents/GitHub/YearsOfDesolation-Online-Game/Assets/Third Party/JMO Assets/Cartoon FX (legacy)/Scripts/CFX_LightFlicker.cs" />
        <File uid="80" fullPath="C:/Users/carlo/Documents/GitHub/YearsOfDesolation-Online-Game/Assets/Third Party/JMO Assets/Cartoon FX (legacy)/Scripts/CFX_LightIntensityFade.cs" />
        <File uid="81" fullPath="C:/Users/carlo/Documents/GitHub/YearsOfDesolation-Online-Game/Assets/Third Party/StarterAssets/Mobile/Scripts/VirtualInputs/UIVirtualButton.cs" />
        <File uid="82" fullPath="C:/Users/carlo/Documents/GitHub/YearsOfDesolation-Online-Game/Assets/Third Party/StarterAssets/Mobile/Scripts/VirtualInputs/UIVirtualJoystick.cs" />
        <File uid="83" fullPath="C:/Users/carlo/Documents/GitHub/YearsOfDesolation-Online-Game/Assets/Third Party/StarterAssets/Mobile/Scripts/VirtualInputs/UIVirtualTouchZone.cs" />
        <File uid="84" fullPath="C:/Users/carlo/Documents/GitHub/YearsOfDesolation-Online-Game/Assets/Third Party/StarterAssets/ThirdPersonController/Scripts/BasicRigidBodyPush.cs" />
        <File uid="85" fullPath="C:/Users/carlo/Documents/GitHub/YearsOfDesolation-Online-Game/Assets/Third Party/TitleFX/Scripts/ShowCase.cs" />
        <File uid="86" fullPath="C:/Users/carlo/Documents/GitHub/YearsOfDesolation-Online-Game/Assets/Third Party/StarterAssets/InputSystem/StarterAssetsInputs.cs" />
        <File uid="87" fullPath="C:/Users/carlo/Documents/GitHub/YearsOfDesolation-Online-Game/Assets/Third Party/StarterAssets/Mobile/Scripts/CanvasInputs/UICanvasControllerInput.cs" />
        <File uid="88" fullPath="C:/Users/carlo/Documents/GitHub/YearsOfDesolation-Online-Game/Assets/Third Party/StarterAssets/ThirdPersonController/Scripts/ThirdPersonController.cs" />
        <File uid="89" fullPath="C:/Users/carlo/Documents/GitHub/YearsOfDesolation-Online-Game/Assets/Third Party/SlimUI/Modern Menu 1/Scripts/Audio/CheckMusicVolume.cs" />
        <File uid="90" fullPath="C:/Users/carlo/Documents/GitHub/YearsOfDesolation-Online-Game/Assets/Third Party/SlimUI/Modern Menu 1/Scripts/Audio/CheckSFXVolume.cs" />
        <File uid="91" fullPath="C:/Users/carlo/Documents/GitHub/YearsOfDesolation-Online-Game/Assets/Third Party/SlimUI/Modern Menu 1/Scripts/Managers/UIMenuManager.cs" />
        <File uid="92" fullPath="C:/Users/carlo/Documents/GitHub/YearsOfDesolation-Online-Game/Assets/Third Party/SlimUI/Modern Menu 1/Scripts/Managers/UISettingsManager.cs" />
        <File uid="93" fullPath="C:/Users/carlo/Documents/GitHub/YearsOfDesolation-Online-Game/Assets/Third Party/SlimUI/Modern Menu 1/Scripts/Misc/ExtraLinks.cs" />
        <File uid="94" fullPath="C:/Users/carlo/Documents/GitHub/YearsOfDesolation-Online-Game/Assets/Third Party/SlimUI/Modern Menu 1/Scripts/Misc/ResetDemo.cs" />
        <File uid="95" fullPath="C:/Users/carlo/Documents/GitHub/YearsOfDesolation-Online-Game/Assets/Third Party/SlimUI/Modern Menu 1/Scripts/ThemeEditor/ThemedUI.cs" />
        <File uid="96" fullPath="C:/Users/carlo/Documents/GitHub/YearsOfDesolation-Online-Game/Assets/Third Party/SlimUI/Modern Menu 1/Scripts/ThemeEditor/ThemedUIElement.cs" />
        <File uid="97" fullPath="C:/Users/carlo/Documents/GitHub/YearsOfDesolation-Online-Game/Assets/Third Party/ParrelSync-master/Examples/CustomArgumentExample.cs" />
        <File uid="98" fullPath="C:/Users/carlo/Documents/GitHub/YearsOfDesolation-Online-Game/Assets/Third Party/Modern UI Pack/Scripts/Slider/RadialSlider.cs" />
        <File uid="99" fullPath="C:/Users/carlo/Documents/GitHub/YearsOfDesolation-Online-Game/Assets/Third Party/Samples/Unity Toon Shader/0.9.5-preview/High definition render pipeline/Animations/Rotator.cs" />
        <File uid="100" fullPath="C:/Users/carlo/Documents/GitHub/YearsOfDesolation-Online-Game/Assets/Third Party/Samples/Unity Toon Shader/0.9.5-preview/High definition render pipeline/Scenes/Mirror/Scripts/MirrorReflection.cs" />
        <File uid="101" fullPath="C:/Users/carlo/Documents/GitHub/YearsOfDesolation-Online-Game/Assets/Third Party/Samples/Unity Toon Shader/0.9.5-preview/High definition render pipeline/UnityChan/Scripts/AutoBlink.cs" />
        <File uid="102" fullPath="C:/Users/carlo/Documents/GitHub/YearsOfDesolation-Online-Game/Assets/Third Party/Samples/Unity Toon Shader/0.9.5-preview/High definition render pipeline/UnityChan/Scripts/AutoBlinkforSD.cs" />
        <File uid="103" fullPath="C:/Users/carlo/Documents/GitHub/YearsOfDesolation-Online-Game/Assets/Third Party/Samples/Unity Toon Shader/0.9.5-preview/High definition render pipeline/UnityChan/Scripts/CameraController.cs" />
        <File uid="104" fullPath="C:/Users/carlo/Documents/GitHub/YearsOfDesolation-Online-Game/Assets/Third Party/Samples/Unity Toon Shader/0.9.5-preview/High definition render pipeline/UnityChan/Scripts/FaceUpdate.cs" />
        <File uid="105" fullPath="C:/Users/carlo/Documents/GitHub/YearsOfDesolation-Online-Game/Assets/Third Party/Samples/Unity Toon Shader/0.9.5-preview/High definition render pipeline/UnityChan/Scripts/IdleChanger.cs" />
        <File uid="106" fullPath="C:/Users/carlo/Documents/GitHub/YearsOfDesolation-Online-Game/Assets/Third Party/Samples/Unity Toon Shader/0.9.5-preview/High definition render pipeline/UnityChan/Scripts/IKCtrlRightHand.cs" />
        <File uid="107" fullPath="C:/Users/carlo/Documents/GitHub/YearsOfDesolation-Online-Game/Assets/Third Party/Samples/Unity Toon Shader/0.9.5-preview/High definition render pipeline/UnityChan/Scripts/RandomWind.cs" />
        <File uid="108" fullPath="C:/Users/carlo/Documents/GitHub/YearsOfDesolation-Online-Game/Assets/Third Party/Samples/Unity Toon Shader/0.9.5-preview/High definition render pipeline/UnityChan/Scripts/RefleshProbe.cs" />
        <File uid="109" fullPath="C:/Users/carlo/Documents/GitHub/YearsOfDesolation-Online-Game/Assets/Third Party/Samples/Unity Toon Shader/0.9.5-preview/High definition render pipeline/UnityChan/Scripts/SetShadowQuality.cs" />
        <File uid="110" fullPath="C:/Users/carlo/Documents/GitHub/YearsOfDesolation-Online-Game/Assets/Third Party/Samples/Unity Toon Shader/0.9.5-preview/High definition render pipeline/UnityChan/Scripts/SetShadowResolution.cs" />
        <File uid="111" fullPath="C:/Users/carlo/Documents/GitHub/YearsOfDesolation-Online-Game/Assets/Third Party/Samples/Unity Toon Shader/0.9.5-preview/High definition render pipeline/UnityChan/Scripts/SpringBone.cs" />
        <File uid="112" fullPath="C:/Users/carlo/Documents/GitHub/YearsOfDesolation-Online-Game/Assets/Third Party/Samples/Unity Toon Shader/0.9.5-preview/High definition render pipeline/UnityChan/Scripts/SpringCollider.cs" />
        <File uid="113" fullPath="C:/Users/carlo/Documents/GitHub/YearsOfDesolation-Online-Game/Assets/Third Party/Samples/Unity Toon Shader/0.9.5-preview/High definition render pipeline/UnityChan/Scripts/SpringManager.cs" />
        <File uid="114" fullPath="C:/Users/carlo/Documents/GitHub/YearsOfDesolation-Online-Game/Assets/Third Party/Samples/Unity Toon Shader/0.9.5-preview/High definition render pipeline/UnityChan/Scripts/ThirdPersonCamera.cs" />
        <File uid="115" fullPath="C:/Users/carlo/Documents/GitHub/YearsOfDesolation-Online-Game/Assets/Third Party/Samples/Unity Toon Shader/0.9.5-preview/High definition render pipeline/UnityChan/Scripts/UnityChanControlScriptWithRgidBody.cs" />
        <File uid="116" fullPath="C:/Users/carlo/Documents/GitHub/YearsOfDesolation-Online-Game/Assets/Third Party/Modern UI Pack/Scripts/Rendering/UIGradient.cs" />
        <File uid="117" fullPath="C:/Users/carlo/Documents/GitHub/YearsOfDesolation-Online-Game/Assets/Third Party/Modern UI Pack/Scripts/Rendering/UIGradientEditor.cs" />
        <File uid="118" fullPath="C:/Users/carlo/Documents/GitHub/YearsOfDesolation-Online-Game/Assets/Third Party/Modern UI Pack/Scripts/Animated Icon/AnimatedIconHandler.cs" />
        <File uid="119" fullPath="C:/Users/carlo/Documents/GitHub/YearsOfDesolation-Online-Game/Assets/Third Party/Modern UI Pack/Scripts/Button/ButtonManager.cs" />
        <File uid="120" fullPath="C:/Users/carlo/Documents/GitHub/YearsOfDesolation-Online-Game/Assets/Third Party/Modern UI Pack/Scripts/Button/ButtonManagerBasic.cs" />
        <File uid="121" fullPath="C:/Users/carlo/Documents/GitHub/YearsOfDesolation-Online-Game/Assets/Third Party/Modern UI Pack/Scripts/Button/ButtonManagerBasicEditor.cs" />
        <File uid="122" fullPath="C:/Users/carlo/Documents/GitHub/YearsOfDesolation-Online-Game/Assets/Third Party/Modern UI Pack/Scripts/Button/ButtonManagerBasicIcon.cs" />
        <File uid="123" fullPath="C:/Users/carlo/Documents/GitHub/YearsOfDesolation-Online-Game/Assets/Third Party/Modern UI Pack/Scripts/Button/ButtonManagerBasicIconEditor.cs" />
        <File uid="124" fullPath="C:/Users/carlo/Documents/GitHub/YearsOfDesolation-Online-Game/Assets/Third Party/Modern UI Pack/Scripts/Button/ButtonManagerBasicWithIcon.cs" />
        <File uid="125" fullPath="C:/Users/carlo/Documents/GitHub/YearsOfDesolation-Online-Game/Assets/Third Party/Modern UI Pack/Scripts/Button/ButtonManagerBasicWithIconEditor.cs" />
        <File uid="126" fullPath="C:/Users/carlo/Documents/GitHub/YearsOfDesolation-Online-Game/Assets/Third Party/Modern UI Pack/Scripts/Button/ButtonManagerEditor.cs" />
        <File uid="127" fullPath="C:/Users/carlo/Documents/GitHub/YearsOfDesolation-Online-Game/Assets/Third Party/Modern UI Pack/Scripts/Button/ButtonManagerIcon.cs" />
        <File uid="128" fullPath="C:/Users/carlo/Documents/GitHub/YearsOfDesolation-Online-Game/Assets/Third Party/Modern UI Pack/Scripts/Button/ButtonManagerIconEditor.cs" />
        <File uid="129" fullPath="C:/Users/carlo/Documents/GitHub/YearsOfDesolation-Online-Game/Assets/Third Party/Modern UI Pack/Scripts/Button/ButtonManagerWithIcon.cs" />
        <File uid="130" fullPath="C:/Users/carlo/Documents/GitHub/YearsOfDesolation-Online-Game/Assets/Third Party/Modern UI Pack/Scripts/Button/ButtonManagerWithIconEditor.cs" />
        <File uid="131" fullPath="C:/Users/carlo/Documents/GitHub/YearsOfDesolation-Online-Game/Assets/Third Party/Modern UI Pack/Scripts/Context Menu/ContextMenuContent.cs" />
        <File uid="132" fullPath="C:/Users/carlo/Documents/GitHub/YearsOfDesolation-Online-Game/Assets/Third Party/Modern UI Pack/Scripts/Context Menu/ContextMenuManager.cs" />
        <File uid="133" fullPath="C:/Users/carlo/Documents/GitHub/YearsOfDesolation-Online-Game/Assets/Third Party/Modern UI Pack/Scripts/Context Menu/ContextMenuManagerEditor.cs" />
        <File uid="134" fullPath="C:/Users/carlo/Documents/GitHub/YearsOfDesolation-Online-Game/Assets/Third Party/Modern UI Pack/Scripts/Demo/DemoListShadow.cs" />
        <File uid="135" fullPath="C:/Users/carlo/Documents/GitHub/YearsOfDesolation-Online-Game/Assets/Third Party/Modern UI Pack/Scripts/Demo/DemoTopButton.cs" />
        <File uid="136" fullPath="C:/Users/carlo/Documents/GitHub/YearsOfDesolation-Online-Game/Assets/Third Party/Modern UI Pack/Scripts/Demo/LaunchURL.cs" />
        <File uid="137" fullPath="C:/Users/carlo/Documents/GitHub/YearsOfDesolation-Online-Game/Assets/Third Party/Modern UI Pack/Scripts/Dropdown/CustomDropdown.cs" />
        <File uid="138" fullPath="C:/Users/carlo/Documents/GitHub/YearsOfDesolation-Online-Game/Assets/Third Party/Modern UI Pack/Scripts/Dropdown/CustomDropdownEditor.cs" />
        <File uid="139" fullPath="C:/Users/carlo/Documents/GitHub/YearsOfDesolation-Online-Game/Assets/Third Party/Modern UI Pack/Scripts/Dropdown/DropdownMultiSelect.cs" />
        <File uid="140" fullPath="C:/Users/carlo/Documents/GitHub/YearsOfDesolation-Online-Game/Assets/Third Party/Modern UI Pack/Scripts/Dropdown/DropdownMultiSelectEditor.cs" />
        <File uid="141" fullPath="C:/Users/carlo/Documents/GitHub/YearsOfDesolation-Online-Game/Assets/Third Party/Modern UI Pack/Scripts/Fixes/LayoutGroupPositionFix.cs" />
        <File uid="142" fullPath="C:/Users/carlo/Documents/GitHub/YearsOfDesolation-Online-Game/Assets/Third Party/Modern UI Pack/Scripts/Fixes/UIElementInFront.cs" />
        <File uid="143" fullPath="C:/Users/carlo/Documents/GitHub/YearsOfDesolation-Online-Game/Assets/Third Party/Modern UI Pack/Scripts/Horizontal Selector/HorizontalSelector.cs" />
        <File uid="144" fullPath="C:/Users/carlo/Documents/GitHub/YearsOfDesolation-Online-Game/Assets/Third Party/Modern UI Pack/Scripts/Horizontal Selector/HorizontalSelectorEditor.cs" />
        <File uid="145" fullPath="C:/Users/carlo/Documents/GitHub/YearsOfDesolation-Online-Game/Assets/Third Party/Modern UI Pack/Scripts/Input Field/CustomInputField.cs" />
        <File uid="146" fullPath="C:/Users/carlo/Documents/GitHub/YearsOfDesolation-Online-Game/Assets/Third Party/Modern UI Pack/Scripts/Modal Window/ModalWindowManager.cs" />
        <File uid="147" fullPath="C:/Users/carlo/Documents/GitHub/YearsOfDesolation-Online-Game/Assets/Third Party/Modern UI Pack/Scripts/Modal Window/ModalWindowManagerEditor.cs" />
        <File uid="148" fullPath="C:/Users/carlo/Documents/GitHub/YearsOfDesolation-Online-Game/Assets/Third Party/Modern UI Pack/Scripts/Modal Window/ModalWindowTabs.cs" />
        <File uid="149" fullPath="C:/Users/carlo/Documents/GitHub/YearsOfDesolation-Online-Game/Assets/Third Party/Modern UI Pack/Scripts/Notification/NotificationManager.cs" />
        <File uid="150" fullPath="C:/Users/carlo/Documents/GitHub/YearsOfDesolation-Online-Game/Assets/Third Party/Modern UI Pack/Scripts/Notification/NotificationManagerEditor.cs" />
        <File uid="151" fullPath="C:/Users/carlo/Documents/GitHub/YearsOfDesolation-Online-Game/Assets/Third Party/Modern UI Pack/Scripts/Notification/NotificationStacking.cs" />
        <File uid="152" fullPath="C:/Users/carlo/Documents/GitHub/YearsOfDesolation-Online-Game/Assets/Third Party/Modern UI Pack/Scripts/Progress Bar/PBFilled.cs" />
        <File uid="153" fullPath="C:/Users/carlo/Documents/GitHub/YearsOfDesolation-Online-Game/Assets/Third Party/Modern UI Pack/Scripts/Progress Bar/ProgressBar.cs" />
        <File uid="154" fullPath="C:/Users/carlo/Documents/GitHub/YearsOfDesolation-Online-Game/Assets/Third Party/Modern UI Pack/Scripts/Progress Bar/ProgressBarEditor.cs" />
        <File uid="155" fullPath="C:/Users/carlo/Documents/GitHub/YearsOfDesolation-Online-Game/Assets/Third Party/Modern UI Pack/Scripts/Slider/RadialSliderEditor.cs" />
        <File uid="156" fullPath="C:/Users/carlo/Documents/GitHub/YearsOfDesolation-Online-Game/Assets/Third Party/Modern UI Pack/Scripts/Slider/RangeMaxSlider.cs" />
        <File uid="157" fullPath="C:/Users/carlo/Documents/GitHub/YearsOfDesolation-Online-Game/Assets/Third Party/Modern UI Pack/Scripts/Slider/RangeMinSlider.cs" />
        <File uid="158" fullPath="C:/Users/carlo/Documents/GitHub/YearsOfDesolation-Online-Game/Assets/Third Party/Modern UI Pack/Scripts/Slider/RangeSlider.cs" />
        <File uid="159" fullPath="C:/Users/carlo/Documents/GitHub/YearsOfDesolation-Online-Game/Assets/Third Party/Modern UI Pack/Scripts/Slider/SliderManager.cs" />
        <File uid="160" fullPath="C:/Users/carlo/Documents/GitHub/YearsOfDesolation-Online-Game/Assets/Third Party/Modern UI Pack/Scripts/Slider/SliderManagerEditor.cs" />
        <File uid="161" fullPath="C:/Users/carlo/Documents/GitHub/YearsOfDesolation-Online-Game/Assets/Third Party/Modern UI Pack/Scripts/Switch/SwitchManager.cs" />
        <File uid="162" fullPath="C:/Users/carlo/Documents/GitHub/YearsOfDesolation-Online-Game/Assets/Third Party/Modern UI Pack/Scripts/Switch/SwitchManagerEditor.cs" />
        <File uid="163" fullPath="C:/Users/carlo/Documents/GitHub/YearsOfDesolation-Online-Game/Assets/Third Party/Modern UI Pack/Scripts/Toggle/ToggleAnim.cs" />
        <File uid="164" fullPath="C:/Users/carlo/Documents/GitHub/YearsOfDesolation-Online-Game/Assets/Third Party/Modern UI Pack/Scripts/Tooltip/TooltipContent.cs" />
        <File uid="165" fullPath="C:/Users/carlo/Documents/GitHub/YearsOfDesolation-Online-Game/Assets/Third Party/Modern UI Pack/Scripts/Tooltip/TooltipManager.cs" />
        <File uid="166" fullPath="C:/Users/carlo/Documents/GitHub/YearsOfDesolation-Online-Game/Assets/Third Party/Modern UI Pack/Scripts/Tooltip/TooltipManagerEditor.cs" />
        <File uid="167" fullPath="C:/Users/carlo/Documents/GitHub/YearsOfDesolation-Online-Game/Assets/Third Party/Modern UI Pack/Scripts/UI Manager/UIManager.cs" />
        <File uid="168" fullPath="C:/Users/carlo/Documents/GitHub/YearsOfDesolation-Online-Game/Assets/Third Party/Modern UI Pack/Scripts/UI Manager/UIManagerAnimatedIcon.cs" />
        <File uid="169" fullPath="C:/Users/carlo/Documents/GitHub/YearsOfDesolation-Online-Game/Assets/Third Party/Modern UI Pack/Scripts/UI Manager/UIManagerButton.cs" />
        <File uid="170" fullPath="C:/Users/carlo/Documents/GitHub/YearsOfDesolation-Online-Game/Assets/Third Party/Modern UI Pack/Scripts/UI Manager/UIManagerButtonEditor.cs" />
        <File uid="171" fullPath="C:/Users/carlo/Documents/GitHub/YearsOfDesolation-Online-Game/Assets/Third Party/Modern UI Pack/Scripts/UI Manager/UIManagerContextMenu.cs" />
        <File uid="172" fullPath="C:/Users/carlo/Documents/GitHub/YearsOfDesolation-Online-Game/Assets/Third Party/Modern UI Pack/Scripts/UI Manager/UIManagerDropdown.cs" />
        <File uid="173" fullPath="C:/Users/carlo/Documents/GitHub/YearsOfDesolation-Online-Game/Assets/Third Party/Modern UI Pack/Scripts/UI Manager/UIManagerHSelector.cs" />
        <File uid="174" fullPath="C:/Users/carlo/Documents/GitHub/YearsOfDesolation-Online-Game/Assets/Third Party/Modern UI Pack/Scripts/UI Manager/UIManagerInputField.cs" />
        <File uid="175" fullPath="C:/Users/carlo/Documents/GitHub/YearsOfDesolation-Online-Game/Assets/Third Party/Modern UI Pack/Scripts/UI Manager/UIManagerModalWindow.cs" />
        <File uid="176" fullPath="C:/Users/carlo/Documents/GitHub/YearsOfDesolation-Online-Game/Assets/Third Party/Modern UI Pack/Scripts/UI Manager/UIManagerNotification.cs" />
        <File uid="177" fullPath="C:/Users/carlo/Documents/GitHub/YearsOfDesolation-Online-Game/Assets/Third Party/Modern UI Pack/Scripts/UI Manager/UIManagerProgressBar.cs" />
        <File uid="178" fullPath="C:/Users/carlo/Documents/GitHub/YearsOfDesolation-Online-Game/Assets/Third Party/Modern UI Pack/Scripts/UI Manager/UIManagerProgressBarLoop.cs" />
        <File uid="179" fullPath="C:/Users/carlo/Documents/GitHub/YearsOfDesolation-Online-Game/Assets/Third Party/Modern UI Pack/Scripts/UI Manager/UIManagerProgressBarLoopEditor.cs" />
        <File uid="180" fullPath="C:/Users/carlo/Documents/GitHub/YearsOfDesolation-Online-Game/Assets/Third Party/Modern UI Pack/Scripts/UI Manager/UIManagerScrollbar.cs" />
        <File uid="181" fullPath="C:/Users/carlo/Documents/GitHub/YearsOfDesolation-Online-Game/Assets/Third Party/Modern UI Pack/Scripts/UI Manager/UIManagerSlider.cs" />
        <File uid="182" fullPath="C:/Users/carlo/Documents/GitHub/YearsOfDesolation-Online-Game/Assets/Third Party/Modern UI Pack/Scripts/UI Manager/UIManagerSliderEditor.cs" />
        <File uid="183" fullPath="C:/Users/carlo/Documents/GitHub/YearsOfDesolation-Online-Game/Assets/Third Party/Modern UI Pack/Scripts/UI Manager/UIManagerSwitch.cs" />
        <File uid="184" fullPath="C:/Users/carlo/Documents/GitHub/YearsOfDesolation-Online-Game/Assets/Third Party/Modern UI Pack/Scripts/UI Manager/UIManagerToggle.cs" />
        <File uid="185" fullPath="C:/Users/carlo/Documents/GitHub/YearsOfDesolation-Online-Game/Assets/Third Party/Modern UI Pack/Scripts/UI Manager/UIManagerTooltip.cs" />
        <File uid="186" fullPath="C:/Users/carlo/Documents/GitHub/YearsOfDesolation-Online-Game/Assets/Third Party/Modern UI Pack/Scripts/Window/WindowDragger.cs" />
        <File uid="187" fullPath="C:/Users/carlo/Documents/GitHub/YearsOfDesolation-Online-Game/Assets/Third Party/Modern UI Pack/Scripts/Window/WindowManager.cs" />
        <File uid="188" fullPath="C:/Users/carlo/Documents/GitHub/YearsOfDesolation-Online-Game/Assets/Third Party/Modern UI Pack/Scripts/Window/WindowManagerEditor.cs" />
        <File uid="189" fullPath="C:/Users/carlo/Documents/GitHub/YearsOfDesolation-Online-Game/Assets/Third Party/Heat - Complete Modern UI/Scripts/Achievements/AchievementItem.cs" />
        <File uid="190" fullPath="C:/Users/carlo/Documents/GitHub/YearsOfDesolation-Online-Game/Assets/Third Party/Heat - Complete Modern UI/Scripts/Achievements/AchievementLibrary.cs" />
        <File uid="191" fullPath="C:/Users/carlo/Documents/GitHub/YearsOfDesolation-Online-Game/Assets/Third Party/Heat - Complete Modern UI/Scripts/Achievements/AchievementManager.cs" />
        <File uid="192" fullPath="C:/Users/carlo/Documents/GitHub/YearsOfDesolation-Online-Game/Assets/Third Party/Heat - Complete Modern UI/Scripts/Achievements/AchievementManagerEditor.cs" />
        <File uid="193" fullPath="C:/Users/carlo/Documents/GitHub/YearsOfDesolation-Online-Game/Assets/Third Party/Heat - Complete Modern UI/Scripts/Animation/ButtonFrame.cs" />
        <File uid="194" fullPath="C:/Users/carlo/Documents/GitHub/YearsOfDesolation-Online-Game/Assets/Third Party/Heat - Complete Modern UI/Scripts/Animation/ButtonFrameEditor.cs" />
        <File uid="195" fullPath="C:/Users/carlo/Documents/GitHub/YearsOfDesolation-Online-Game/Assets/Third Party/Heat - Complete Modern UI/Scripts/Animation/ImageFading.cs" />
        <File uid="196" fullPath="C:/Users/carlo/Documents/GitHub/YearsOfDesolation-Online-Game/Assets/Third Party/Heat - Complete Modern UI/Scripts/Animation/ImagePulse.cs" />
        <File uid="197" fullPath="C:/Users/carlo/Documents/GitHub/YearsOfDesolation-Online-Game/Assets/Third Party/Heat - Complete Modern UI/Scripts/Animation/NavigationBar.cs" />
        <File uid="198" fullPath="C:/Users/carlo/Documents/GitHub/YearsOfDesolation-Online-Game/Assets/Third Party/Heat - Complete Modern UI/Scripts/Animation/NavigationBarEditor.cs" />
        <File uid="199" fullPath="C:/Users/carlo/Documents/GitHub/YearsOfDesolation-Online-Game/Assets/Third Party/Heat - Complete Modern UI/Scripts/Animation/RectDepth.cs" />
        <File uid="200" fullPath="C:/Users/carlo/Documents/GitHub/YearsOfDesolation-Online-Game/Assets/Third Party/Heat - Complete Modern UI/Scripts/Animation/ShinyImage.cs" />
        <File uid="201" fullPath="C:/Users/carlo/Documents/GitHub/YearsOfDesolation-Online-Game/Assets/Third Party/Heat - Complete Modern UI/Scripts/Animation/Spinner.cs" />
        <File uid="202" fullPath="C:/Users/carlo/Documents/GitHub/YearsOfDesolation-Online-Game/Assets/Third Party/Heat - Complete Modern UI/Scripts/Animation/UIPopup.cs" />
        <File uid="203" fullPath="C:/Users/carlo/Documents/GitHub/YearsOfDesolation-Online-Game/Assets/Third Party/Heat - Complete Modern UI/Scripts/Animation/UISway.cs" />
        <File uid="204" fullPath="C:/Users/carlo/Documents/GitHub/YearsOfDesolation-Online-Game/Assets/Third Party/Heat - Complete Modern UI/Scripts/Core/HeatUIInternalTools.cs" />
        <File uid="205" fullPath="C:/Users/carlo/Documents/GitHub/YearsOfDesolation-Online-Game/Assets/Third Party/Heat - Complete Modern UI/Scripts/Core/MenuManager.cs" />
        <File uid="206" fullPath="C:/Users/carlo/Documents/GitHub/YearsOfDesolation-Online-Game/Assets/Third Party/Heat - Complete Modern UI/Scripts/Core/MenuManagerEditor.cs" />
        <File uid="207" fullPath="C:/Users/carlo/Documents/GitHub/YearsOfDesolation-Online-Game/Assets/Third Party/Heat - Complete Modern UI/Scripts/Core/PauseMenuManager.cs" />
        <File uid="208" fullPath="C:/Users/carlo/Documents/GitHub/YearsOfDesolation-Online-Game/Assets/Third Party/Heat - Complete Modern UI/Scripts/Core/PauseMenuManagerEditor.cs" />
        <File uid="209" fullPath="C:/Users/carlo/Documents/GitHub/YearsOfDesolation-Online-Game/Assets/Third Party/Heat - Complete Modern UI/Scripts/Credits/CreditsManager.cs" />
        <File uid="210" fullPath="C:/Users/carlo/Documents/GitHub/YearsOfDesolation-Online-Game/Assets/Third Party/Heat - Complete Modern UI/Scripts/Credits/CreditsManagerEditor.cs" />
        <File uid="211" fullPath="C:/Users/carlo/Documents/GitHub/YearsOfDesolation-Online-Game/Assets/Third Party/Heat - Complete Modern UI/Scripts/Credits/CreditsMentionItem.cs" />
        <File uid="212" fullPath="C:/Users/carlo/Documents/GitHub/YearsOfDesolation-Online-Game/Assets/Third Party/Heat - Complete Modern UI/Scripts/Credits/CreditsPreset.cs" />
        <File uid="213" fullPath="C:/Users/carlo/Documents/GitHub/YearsOfDesolation-Online-Game/Assets/Third Party/Heat - Complete Modern UI/Scripts/Credits/CreditsSectionItem.cs" />
        <File uid="214" fullPath="C:/Users/carlo/Documents/GitHub/YearsOfDesolation-Online-Game/Assets/Third Party/Heat - Complete Modern UI/Scripts/Editor Handlers/HeatUIEditorHandler.cs" />
        <File uid="215" fullPath="C:/Users/carlo/Documents/GitHub/YearsOfDesolation-Online-Game/Assets/Third Party/Heat - Complete Modern UI/Scripts/Events/HotkeyEvent.cs" />
        <File uid="216" fullPath="C:/Users/carlo/Documents/GitHub/YearsOfDesolation-Online-Game/Assets/Third Party/Heat - Complete Modern UI/Scripts/Events/HotkeyEventEditor.cs" />
        <File uid="217" fullPath="C:/Users/carlo/Documents/GitHub/YearsOfDesolation-Online-Game/Assets/Third Party/Heat - Complete Modern UI/Scripts/Events/PointerEvent.cs" />
        <File uid="218" fullPath="C:/Users/carlo/Documents/GitHub/YearsOfDesolation-Online-Game/Assets/Third Party/Heat - Complete Modern UI/Scripts/HUD/HUDManager.cs" />
        <File uid="219" fullPath="C:/Users/carlo/Documents/GitHub/YearsOfDesolation-Online-Game/Assets/Third Party/Heat - Complete Modern UI/Scripts/HUD/HUDManagerEditor.cs" />
        <File uid="220" fullPath="C:/Users/carlo/Documents/GitHub/YearsOfDesolation-Online-Game/Assets/Third Party/Heat - Complete Modern UI/Scripts/HUD/QuestItem.cs" />
        <File uid="221" fullPath="C:/Users/carlo/Documents/GitHub/YearsOfDesolation-Online-Game/Assets/Third Party/Heat - Complete Modern UI/Scripts/HUD/QuestItemEditor.cs" />
        <File uid="222" fullPath="C:/Users/carlo/Documents/GitHub/YearsOfDesolation-Online-Game/Assets/Third Party/Heat - Complete Modern UI/Scripts/Input/ControllerManager.cs" />
        <File uid="223" fullPath="C:/Users/carlo/Documents/GitHub/YearsOfDesolation-Online-Game/Assets/Third Party/Heat - Complete Modern UI/Scripts/Input/ControllerManagerEditor.cs" />
        <File uid="224" fullPath="C:/Users/carlo/Documents/GitHub/YearsOfDesolation-Online-Game/Assets/Third Party/Heat - Complete Modern UI/Scripts/Input/ControllerPreset.cs" />
        <File uid="225" fullPath="C:/Users/carlo/Documents/GitHub/YearsOfDesolation-Online-Game/Assets/Third Party/Heat - Complete Modern UI/Scripts/Input/ControllerPresetManager.cs" />
        <File uid="226" fullPath="C:/Users/carlo/Documents/GitHub/YearsOfDesolation-Online-Game/Assets/Third Party/Heat - Complete Modern UI/Scripts/Input/ScrollbarInputHandler.cs" />
        <File uid="227" fullPath="C:/Users/carlo/Documents/GitHub/YearsOfDesolation-Online-Game/Assets/Third Party/Heat - Complete Modern UI/Scripts/Input/SelectorInputHandler.cs" />
        <File uid="228" fullPath="C:/Users/carlo/Documents/GitHub/YearsOfDesolation-Online-Game/Assets/Third Party/Heat - Complete Modern UI/Scripts/Input/SliderInputHandler.cs" />
        <File uid="229" fullPath="C:/Users/carlo/Documents/GitHub/YearsOfDesolation-Online-Game/Assets/Third Party/Heat - Complete Modern UI/Scripts/Localization/LocalizationLanguage.cs" />
        <File uid="230" fullPath="C:/Users/carlo/Documents/GitHub/YearsOfDesolation-Online-Game/Assets/Third Party/Heat - Complete Modern UI/Scripts/Localization/LocalizationLanguageEditor.cs" />
        <File uid="231" fullPath="C:/Users/carlo/Documents/GitHub/YearsOfDesolation-Online-Game/Assets/Third Party/Heat - Complete Modern UI/Scripts/Localization/LocalizationManager.cs" />
        <File uid="232" fullPath="C:/Users/carlo/Documents/GitHub/YearsOfDesolation-Online-Game/Assets/Third Party/Heat - Complete Modern UI/Scripts/Localization/LocalizationManagerEditor.cs" />
        <File uid="233" fullPath="C:/Users/carlo/Documents/GitHub/YearsOfDesolation-Online-Game/Assets/Third Party/Heat - Complete Modern UI/Scripts/Localization/LocalizationSettings.cs" />
        <File uid="234" fullPath="C:/Users/carlo/Documents/GitHub/YearsOfDesolation-Online-Game/Assets/Third Party/Heat - Complete Modern UI/Scripts/Localization/LocalizationSettingsEditor.cs" />
        <File uid="235" fullPath="C:/Users/carlo/Documents/GitHub/YearsOfDesolation-Online-Game/Assets/Third Party/Heat - Complete Modern UI/Scripts/Localization/LocalizationTable.cs" />
        <File uid="236" fullPath="C:/Users/carlo/Documents/GitHub/YearsOfDesolation-Online-Game/Assets/Third Party/Heat - Complete Modern UI/Scripts/Localization/LocalizationTableEditor.cs" />
        <File uid="237" fullPath="C:/Users/carlo/Documents/GitHub/YearsOfDesolation-Online-Game/Assets/Third Party/Heat - Complete Modern UI/Scripts/Localization/LocalizationTableWindow.cs" />
        <File uid="238" fullPath="C:/Users/carlo/Documents/GitHub/YearsOfDesolation-Online-Game/Assets/Third Party/Heat - Complete Modern UI/Scripts/Localization/LocalizedObject.cs" />
        <File uid="239" fullPath="C:/Users/carlo/Documents/GitHub/YearsOfDesolation-Online-Game/Assets/Third Party/Heat - Complete Modern UI/Scripts/Localization/LocalizedObjectEditor.cs" />
        <File uid="240" fullPath="C:/Users/carlo/Documents/GitHub/YearsOfDesolation-Online-Game/Assets/Third Party/Heat - Complete Modern UI/Scripts/Misc/ExitGame.cs" />
        <File uid="241" fullPath="C:/Users/carlo/Documents/GitHub/YearsOfDesolation-Online-Game/Assets/Third Party/Heat - Complete Modern UI/Scripts/Misc/LayoutGroupFix.cs" />
        <File uid="242" fullPath="C:/Users/carlo/Documents/GitHub/YearsOfDesolation-Online-Game/Assets/Third Party/Heat - Complete Modern UI/Scripts/Misc/TextTimeCounter.cs" />
        <File uid="243" fullPath="C:/Users/carlo/Documents/GitHub/YearsOfDesolation-Online-Game/Assets/Third Party/Heat - Complete Modern UI/Scripts/Panels/ChapterIdentifier.cs" />
        <File uid="244" fullPath="C:/Users/carlo/Documents/GitHub/YearsOfDesolation-Online-Game/Assets/Third Party/Heat - Complete Modern UI/Scripts/Panels/ChapterManager.cs" />
        <File uid="245" fullPath="C:/Users/carlo/Documents/GitHub/YearsOfDesolation-Online-Game/Assets/Third Party/Heat - Complete Modern UI/Scripts/Panels/ChapterManagerEditor.cs" />
        <File uid="246" fullPath="C:/Users/carlo/Documents/GitHub/YearsOfDesolation-Online-Game/Assets/Third Party/Heat - Complete Modern UI/Scripts/Panels/PanelManager.cs" />
        <File uid="247" fullPath="C:/Users/carlo/Documents/GitHub/YearsOfDesolation-Online-Game/Assets/Third Party/Heat - Complete Modern UI/Scripts/Panels/PanelManagerEditor.cs" />
        <File uid="248" fullPath="C:/Users/carlo/Documents/GitHub/YearsOfDesolation-Online-Game/Assets/Third Party/Heat - Complete Modern UI/Scripts/Panels/SettingsDescription.cs" />
        <File uid="249" fullPath="C:/Users/carlo/Documents/GitHub/YearsOfDesolation-Online-Game/Assets/Third Party/Heat - Complete Modern UI/Scripts/Panels/SettingsDescriptionManager.cs" />
        <File uid="250" fullPath="C:/Users/carlo/Documents/GitHub/YearsOfDesolation-Online-Game/Assets/Third Party/Heat - Complete Modern UI/Scripts/Rendering/GradientFilter.cs" />
        <File uid="251" fullPath="C:/Users/carlo/Documents/GitHub/YearsOfDesolation-Online-Game/Assets/Third Party/Heat - Complete Modern UI/Scripts/Rendering/GradientFilterEditor.cs" />
        <File uid="252" fullPath="C:/Users/carlo/Documents/GitHub/YearsOfDesolation-Online-Game/Assets/Third Party/Heat - Complete Modern UI/Scripts/Rendering/GraphicsManager.cs" />
        <File uid="253" fullPath="C:/Users/carlo/Documents/GitHub/YearsOfDesolation-Online-Game/Assets/Third Party/Heat - Complete Modern UI/Scripts/Rendering/GraphicsManagerEditor.cs" />
        <File uid="254" fullPath="C:/Users/carlo/Documents/GitHub/YearsOfDesolation-Online-Game/Assets/Third Party/Heat - Complete Modern UI/Scripts/Rendering/UIGradient.cs" />
        <File uid="255" fullPath="C:/Users/carlo/Documents/GitHub/YearsOfDesolation-Online-Game/Assets/Third Party/Heat - Complete Modern UI/Scripts/Rendering/UIGradientEditor.cs" />
        <File uid="256" fullPath="C:/Users/carlo/Documents/GitHub/YearsOfDesolation-Online-Game/Assets/Third Party/Heat - Complete Modern UI/Scripts/UI Elements/BoxButtonManager.cs" />
        <File uid="257" fullPath="C:/Users/carlo/Documents/GitHub/YearsOfDesolation-Online-Game/Assets/Third Party/Heat - Complete Modern UI/Scripts/UI Elements/BoxButtonManagerEditor.cs" />
        <File uid="258" fullPath="C:/Users/carlo/Documents/GitHub/YearsOfDesolation-Online-Game/Assets/Third Party/Heat - Complete Modern UI/Scripts/UI Elements/BoxContainer.cs" />
        <File uid="259" fullPath="C:/Users/carlo/Documents/GitHub/YearsOfDesolation-Online-Game/Assets/Third Party/Heat - Complete Modern UI/Scripts/UI Elements/BoxContainerItem.cs" />
        <File uid="260" fullPath="C:/Users/carlo/Documents/GitHub/YearsOfDesolation-Online-Game/Assets/Third Party/Heat - Complete Modern UI/Scripts/UI Elements/ButtonManager.cs" />
        <File uid="261" fullPath="C:/Users/carlo/Documents/GitHub/YearsOfDesolation-Online-Game/Assets/Third Party/Heat - Complete Modern UI/Scripts/UI Elements/ButtonManagerEditor.cs" />
        <File uid="262" fullPath="C:/Users/carlo/Documents/GitHub/YearsOfDesolation-Online-Game/Assets/Third Party/Heat - Complete Modern UI/Scripts/UI Elements/CanvasManager.cs" />
        <File uid="263" fullPath="C:/Users/carlo/Documents/GitHub/YearsOfDesolation-Online-Game/Assets/Third Party/Heat - Complete Modern UI/Scripts/UI Elements/Dropdown.cs" />
        <File uid="264" fullPath="C:/Users/carlo/Documents/GitHub/YearsOfDesolation-Online-Game/Assets/Third Party/Heat - Complete Modern UI/Scripts/UI Elements/DropdownEditor.cs" />
        <File uid="265" fullPath="C:/Users/carlo/Documents/GitHub/YearsOfDesolation-Online-Game/Assets/Third Party/Heat - Complete Modern UI/Scripts/UI Elements/HorizontalSelector.cs" />
        <File uid="266" fullPath="C:/Users/carlo/Documents/GitHub/YearsOfDesolation-Online-Game/Assets/Third Party/Heat - Complete Modern UI/Scripts/UI Elements/HorizontalSelectorEditor.cs" />
        <File uid="267" fullPath="C:/Users/carlo/Documents/GitHub/YearsOfDesolation-Online-Game/Assets/Third Party/Heat - Complete Modern UI/Scripts/UI Elements/InputFieldManager.cs" />
        <File uid="268" fullPath="C:/Users/carlo/Documents/GitHub/YearsOfDesolation-Online-Game/Assets/Third Party/Heat - Complete Modern UI/Scripts/UI Elements/ModalWindowManager.cs" />
        <File uid="269" fullPath="C:/Users/carlo/Documents/GitHub/YearsOfDesolation-Online-Game/Assets/Third Party/Heat - Complete Modern UI/Scripts/UI Elements/ModalWindowManagerEditor.cs" />
        <File uid="270" fullPath="C:/Users/carlo/Documents/GitHub/YearsOfDesolation-Online-Game/Assets/Third Party/Heat - Complete Modern UI/Scripts/UI Elements/NewsSlider.cs" />
        <File uid="271" fullPath="C:/Users/carlo/Documents/GitHub/YearsOfDesolation-Online-Game/Assets/Third Party/Heat - Complete Modern UI/Scripts/UI Elements/NewsSliderEditor.cs" />
        <File uid="272" fullPath="C:/Users/carlo/Documents/GitHub/YearsOfDesolation-Online-Game/Assets/Third Party/Heat - Complete Modern UI/Scripts/UI Elements/PanelButton.cs" />
        <File uid="273" fullPath="C:/Users/carlo/Documents/GitHub/YearsOfDesolation-Online-Game/Assets/Third Party/Heat - Complete Modern UI/Scripts/UI Elements/PanelButtonEditor.cs" />
        <File uid="274" fullPath="C:/Users/carlo/Documents/GitHub/YearsOfDesolation-Online-Game/Assets/Third Party/Heat - Complete Modern UI/Scripts/UI Elements/ProgressBar.cs" />
        <File uid="275" fullPath="C:/Users/carlo/Documents/GitHub/YearsOfDesolation-Online-Game/Assets/Third Party/Heat - Complete Modern UI/Scripts/UI Elements/ProgressBarEditor.cs" />
        <File uid="276" fullPath="C:/Users/carlo/Documents/GitHub/YearsOfDesolation-Online-Game/Assets/Third Party/Heat - Complete Modern UI/Scripts/UI Elements/SettingsElement.cs" />
        <File uid="277" fullPath="C:/Users/carlo/Documents/GitHub/YearsOfDesolation-Online-Game/Assets/Third Party/Heat - Complete Modern UI/Scripts/UI Elements/SettingsElementEditor.cs" />
        <File uid="278" fullPath="C:/Users/carlo/Documents/GitHub/YearsOfDesolation-Online-Game/Assets/Third Party/Heat - Complete Modern UI/Scripts/UI Elements/SettingsSubElement.cs" />
        <File uid="279" fullPath="C:/Users/carlo/Documents/GitHub/YearsOfDesolation-Online-Game/Assets/Third Party/Heat - Complete Modern UI/Scripts/UI Elements/ShopButtonManager.cs" />
        <File uid="280" fullPath="C:/Users/carlo/Documents/GitHub/YearsOfDesolation-Online-Game/Assets/Third Party/Heat - Complete Modern UI/Scripts/UI Elements/ShopButtonManagerEditor.cs" />
        <File uid="281" fullPath="C:/Users/carlo/Documents/GitHub/YearsOfDesolation-Online-Game/Assets/Third Party/Heat - Complete Modern UI/Scripts/UI Elements/SliderInput.cs" />
        <File uid="282" fullPath="C:/Users/carlo/Documents/GitHub/YearsOfDesolation-Online-Game/Assets/Third Party/Heat - Complete Modern UI/Scripts/UI Elements/SliderManager.cs" />
        <File uid="283" fullPath="C:/Users/carlo/Documents/GitHub/YearsOfDesolation-Online-Game/Assets/Third Party/Heat - Complete Modern UI/Scripts/UI Elements/SliderManagerEditor.cs" />
        <File uid="284" fullPath="C:/Users/carlo/Documents/GitHub/YearsOfDesolation-Online-Game/Assets/Third Party/Heat - Complete Modern UI/Scripts/UI Elements/SmoothScrollbar.cs" />
        <File uid="285" fullPath="C:/Users/carlo/Documents/GitHub/YearsOfDesolation-Online-Game/Assets/Third Party/Heat - Complete Modern UI/Scripts/UI Elements/SocialsWidget.cs" />
        <File uid="286" fullPath="C:/Users/carlo/Documents/GitHub/YearsOfDesolation-Online-Game/Assets/Third Party/Heat - Complete Modern UI/Scripts/UI Elements/SocialsWidgetEditor.cs" />
        <File uid="287" fullPath="C:/Users/carlo/Documents/GitHub/YearsOfDesolation-Online-Game/Assets/Third Party/Heat - Complete Modern UI/Scripts/UI Elements/SwitchManager.cs" />
        <File uid="288" fullPath="C:/Users/carlo/Documents/GitHub/YearsOfDesolation-Online-Game/Assets/Third Party/Heat - Complete Modern UI/Scripts/UI Elements/SwitchManagerEditor.cs" />
        <File uid="289" fullPath="C:/Users/carlo/Documents/GitHub/YearsOfDesolation-Online-Game/Assets/Third Party/Heat - Complete Modern UI/Scripts/UI Elements/UIElementSound.cs" />
        <File uid="290" fullPath="C:/Users/carlo/Documents/GitHub/YearsOfDesolation-Online-Game/Assets/Third Party/Heat - Complete Modern UI/Scripts/UI Manager/UIManager.cs" />
        <File uid="291" fullPath="C:/Users/carlo/Documents/GitHub/YearsOfDesolation-Online-Game/Assets/Third Party/Heat - Complete Modern UI/Scripts/UI Manager/UIManagerAudio.cs" />
        <File uid="292" fullPath="C:/Users/carlo/Documents/GitHub/YearsOfDesolation-Online-Game/Assets/Third Party/Heat - Complete Modern UI/Scripts/UI Manager/UIManagerAudioEditor.cs" />
        <File uid="293" fullPath="C:/Users/carlo/Documents/GitHub/YearsOfDesolation-Online-Game/Assets/Third Party/Heat - Complete Modern UI/Scripts/UI Manager/UIManagerColorChanger.cs" />
        <File uid="294" fullPath="C:/Users/carlo/Documents/GitHub/YearsOfDesolation-Online-Game/Assets/Third Party/Heat - Complete Modern UI/Scripts/UI Manager/UIManagerEditor.cs" />
        <File uid="295" fullPath="C:/Users/carlo/Documents/GitHub/YearsOfDesolation-Online-Game/Assets/Third Party/Heat - Complete Modern UI/Scripts/UI Manager/UIManagerFontChanger.cs" />
        <File uid="296" fullPath="C:/Users/carlo/Documents/GitHub/YearsOfDesolation-Online-Game/Assets/Third Party/Heat - Complete Modern UI/Scripts/UI Manager/UIManagerImage.cs" />
        <File uid="297" fullPath="C:/Users/carlo/Documents/GitHub/YearsOfDesolation-Online-Game/Assets/Third Party/Heat - Complete Modern UI/Scripts/UI Manager/UIManagerImageEditor.cs" />
        <File uid="298" fullPath="C:/Users/carlo/Documents/GitHub/YearsOfDesolation-Online-Game/Assets/Third Party/Heat - Complete Modern UI/Scripts/UI Manager/UIManagerLogo.cs" />
        <File uid="299" fullPath="C:/Users/carlo/Documents/GitHub/YearsOfDesolation-Online-Game/Assets/Third Party/Heat - Complete Modern UI/Scripts/UI Manager/UIManagerLogoEditor.cs" />
        <File uid="300" fullPath="C:/Users/carlo/Documents/GitHub/YearsOfDesolation-Online-Game/Assets/Third Party/Heat - Complete Modern UI/Scripts/UI Manager/UIManagerSplashScreen.cs" />
        <File uid="301" fullPath="C:/Users/carlo/Documents/GitHub/YearsOfDesolation-Online-Game/Assets/Third Party/Heat - Complete Modern UI/Scripts/UI Manager/UIManagerText.cs" />
        <File uid="302" fullPath="C:/Users/carlo/Documents/GitHub/YearsOfDesolation-Online-Game/Assets/Third Party/Heat - Complete Modern UI/Scripts/UI Manager/UIManagerTextEditor.cs" />
        <File uid="303" fullPath="C:/Users/carlo/Documents/GitHub/YearsOfDesolation-Online-Game/Assets/Third Party/Cartoon Coffee/Demo/Scripts/Body.cs" />
        <File uid="304" fullPath="C:/Users/carlo/Documents/GitHub/YearsOfDesolation-Online-Game/Assets/Third Party/Cartoon Coffee/Demo/Scripts/DeactivateChildren.cs" />
        <File uid="305" fullPath="C:/Users/carlo/Documents/GitHub/YearsOfDesolation-Online-Game/Assets/Third Party/Cartoon Coffee/Demo/Scripts/DestroyParticleAtEnd.cs" />
        <File uid="306" fullPath="C:/Users/carlo/Documents/GitHub/YearsOfDesolation-Online-Game/Assets/Third Party/Cartoon Coffee/Demo/Scripts/Floor.cs" />
        <File uid="307" fullPath="C:/Users/carlo/Documents/GitHub/YearsOfDesolation-Online-Game/Assets/Third Party/Cartoon Coffee/Demo/Scripts/Head.cs" />
        <File uid="308" fullPath="C:/Users/carlo/Documents/GitHub/YearsOfDesolation-Online-Game/Assets/Third Party/Cartoon Coffee/Demo/Scripts/Loop.cs" />
        <File uid="309" fullPath="C:/Users/carlo/Documents/GitHub/YearsOfDesolation-Online-Game/Assets/Third Party/Cartoon Coffee/Demo/Scripts/NewStatus.cs" />
        <File uid="310" fullPath="C:/Users/carlo/Documents/GitHub/YearsOfDesolation-Online-Game/Assets/Third Party/Cartoon Coffee/Demo/Scripts/Player.cs" />
        <File uid="311" fullPath="C:/Users/carlo/Documents/GitHub/YearsOfDesolation-Online-Game/Assets/Third Party/Cartoon Coffee/Demo/Scripts/Projectile.cs" />
        <File uid="312" fullPath="C:/Users/carlo/Documents/GitHub/YearsOfDesolation-Online-Game/Assets/Third Party/Cartoon Coffee/Demo/Scripts/SceneManager.cs" />
        <File uid="313" fullPath="C:/Users/carlo/Documents/GitHub/YearsOfDesolation-Online-Game/Assets/Third Party/Cartoon Coffee/Demo/Scripts/SideMenu.cs" />
        <File uid="314" fullPath="C:/Users/carlo/Documents/GitHub/YearsOfDesolation-Online-Game/Assets/Third Party/Cartoon Coffee/Demo/Scripts/Target.cs" />
        <File uid="315" fullPath="C:/Users/carlo/Documents/GitHub/YearsOfDesolation-Online-Game/Assets/TextMesh Pro/Examples &amp; Extras/Scripts/TMP_DigitValidator.cs" />
        <File uid="316" fullPath="C:/Users/carlo/Documents/GitHub/YearsOfDesolation-Online-Game/Assets/TextMesh Pro/Examples &amp; Extras/Scripts/TMP_PhoneNumberValidator.cs" />
        <File uid="317" fullPath="C:/Users/carlo/Documents/GitHub/YearsOfDesolation-Online-Game/Assets/TextMesh Pro/Examples &amp; Extras/Scripts/TMP_TextEventHandler.cs" />
        <File uid="318" fullPath="C:/Users/carlo/Documents/GitHub/YearsOfDesolation-Online-Game/Assets/TextMesh Pro/Examples &amp; Extras/Scripts/Benchmark01.cs" />
        <File uid="319" fullPath="C:/Users/carlo/Documents/GitHub/YearsOfDesolation-Online-Game/Assets/TextMesh Pro/Examples &amp; Extras/Scripts/Benchmark01_UGUI.cs" />
        <File uid="320" fullPath="C:/Users/carlo/Documents/GitHub/YearsOfDesolation-Online-Game/Assets/TextMesh Pro/Examples &amp; Extras/Scripts/Benchmark02.cs" />
        <File uid="321" fullPath="C:/Users/carlo/Documents/GitHub/YearsOfDesolation-Online-Game/Assets/TextMesh Pro/Examples &amp; Extras/Scripts/Benchmark03.cs" />
        <File uid="322" fullPath="C:/Users/carlo/Documents/GitHub/YearsOfDesolation-Online-Game/Assets/TextMesh Pro/Examples &amp; Extras/Scripts/Benchmark04.cs" />
        <File uid="323" fullPath="C:/Users/carlo/Documents/GitHub/YearsOfDesolation-Online-Game/Assets/TextMesh Pro/Examples &amp; Extras/Scripts/CameraController.cs" />
        <File uid="324" fullPath="C:/Users/carlo/Documents/GitHub/YearsOfDesolation-Online-Game/Assets/TextMesh Pro/Examples &amp; Extras/Scripts/ObjectSpin.cs" />
        <File uid="325" fullPath="C:/Users/carlo/Documents/GitHub/YearsOfDesolation-Online-Game/Assets/TextMesh Pro/Examples &amp; Extras/Scripts/ShaderPropAnimator.cs" />
        <File uid="326" fullPath="C:/Users/carlo/Documents/GitHub/YearsOfDesolation-Online-Game/Assets/TextMesh Pro/Examples &amp; Extras/Scripts/SimpleScript.cs" />
        <File uid="327" fullPath="C:/Users/carlo/Documents/GitHub/YearsOfDesolation-Online-Game/Assets/TextMesh Pro/Examples &amp; Extras/Scripts/SkewTextExample.cs" />
        <File uid="328" fullPath="C:/Users/carlo/Documents/GitHub/YearsOfDesolation-Online-Game/Assets/TextMesh Pro/Examples &amp; Extras/Scripts/TeleType.cs" />
        <File uid="329" fullPath="C:/Users/carlo/Documents/GitHub/YearsOfDesolation-Online-Game/Assets/TextMesh Pro/Examples &amp; Extras/Scripts/TextConsoleSimulator.cs" />
        <File uid="330" fullPath="C:/Users/carlo/Documents/GitHub/YearsOfDesolation-Online-Game/Assets/TextMesh Pro/Examples &amp; Extras/Scripts/TextMeshProFloatingText.cs" />
        <File uid="331" fullPath="C:/Users/carlo/Documents/GitHub/YearsOfDesolation-Online-Game/Assets/TextMesh Pro/Examples &amp; Extras/Scripts/TextMeshSpawner.cs" />
        <File uid="332" fullPath="C:/Users/carlo/Documents/GitHub/YearsOfDesolation-Online-Game/Assets/TextMesh Pro/Examples &amp; Extras/Scripts/TMPro_InstructionOverlay.cs" />
        <File uid="333" fullPath="C:/Users/carlo/Documents/GitHub/YearsOfDesolation-Online-Game/Assets/TextMesh Pro/Examples &amp; Extras/Scripts/TMP_ExampleScript_01.cs" />
        <File uid="334" fullPath="C:/Users/carlo/Documents/GitHub/YearsOfDesolation-Online-Game/Assets/TextMesh Pro/Examples &amp; Extras/Scripts/TMP_FrameRateCounter.cs" />
        <File uid="335" fullPath="C:/Users/carlo/Documents/GitHub/YearsOfDesolation-Online-Game/Assets/TextMesh Pro/Examples &amp; Extras/Scripts/TMP_TextEventCheck.cs" />
        <File uid="336" fullPath="C:/Users/carlo/Documents/GitHub/YearsOfDesolation-Online-Game/Assets/TextMesh Pro/Examples &amp; Extras/Scripts/TMP_TextInfoDebugTool.cs" />
        <File uid="337" fullPath="C:/Users/carlo/Documents/GitHub/YearsOfDesolation-Online-Game/Assets/TextMesh Pro/Examples &amp; Extras/Scripts/TMP_TextSelector_A.cs" />
        <File uid="338" fullPath="C:/Users/carlo/Documents/GitHub/YearsOfDesolation-Online-Game/Assets/TextMesh Pro/Examples &amp; Extras/Scripts/TMP_TextSelector_B.cs" />
        <File uid="339" fullPath="C:/Users/carlo/Documents/GitHub/YearsOfDesolation-Online-Game/Assets/TextMesh Pro/Examples &amp; Extras/Scripts/TMP_UiFrameRateCounter.cs" />
        <File uid="340" fullPath="C:/Users/carlo/Documents/GitHub/YearsOfDesolation-Online-Game/Assets/TextMesh Pro/Examples &amp; Extras/Scripts/VertexColorCycler.cs" />
        <File uid="341" fullPath="C:/Users/carlo/Documents/GitHub/YearsOfDesolation-Online-Game/Assets/TextMesh Pro/Examples &amp; Extras/Scripts/VertexJitter.cs" />
        <File uid="342" fullPath="C:/Users/carlo/Documents/GitHub/YearsOfDesolation-Online-Game/Assets/TextMesh Pro/Examples &amp; Extras/Scripts/VertexShakeA.cs" />
        <File uid="343" fullPath="C:/Users/carlo/Documents/GitHub/YearsOfDesolation-Online-Game/Assets/TextMesh Pro/Examples &amp; Extras/Scripts/VertexShakeB.cs" />
        <File uid="344" fullPath="C:/Users/carlo/Documents/GitHub/YearsOfDesolation-Online-Game/Assets/TextMesh Pro/Examples &amp; Extras/Scripts/VertexZoom.cs" />
        <File uid="345" fullPath="C:/Users/carlo/Documents/GitHub/YearsOfDesolation-Online-Game/Assets/TextMesh Pro/Examples &amp; Extras/Scripts/WarpTextExample.cs" />
        <File uid="346" fullPath="C:/Users/carlo/Documents/GitHub/YearsOfDesolation-Online-Game/Assets/Scripts/Players/PlayerStates/PlayerStateBase.cs" />
        <File uid="347" fullPath="C:/Users/carlo/Documents/GitHub/YearsOfDesolation-Online-Game/Assets/Scripts/Players/PlayerStates/StateMachineBase.cs" />
        <File uid="348" fullPath="C:/Users/carlo/Documents/GitHub/YearsOfDesolation-Online-Game/Assets/Scripts/Players/PlayerStates/StateMachineController.cs" />
        <File uid="349" fullPath="C:/Users/carlo/Documents/GitHub/YearsOfDesolation-Online-Game/Assets/Scripts/Players/PlayerStates/States/AimingState.cs" />
        <File uid="350" fullPath="C:/Users/carlo/Documents/GitHub/YearsOfDesolation-Online-Game/Assets/Scripts/Players/PlayerStates/States/DeadState.cs" />
        <File uid="351" fullPath="C:/Users/carlo/Documents/GitHub/YearsOfDesolation-Online-Game/Assets/Scripts/Players/PlayerStates/States/FallingState.cs" />
        <File uid="352" fullPath="C:/Users/carlo/Documents/GitHub/YearsOfDesolation-Online-Game/Assets/Scripts/Players/PlayerStates/States/JetpackState.cs" />
        <File uid="353" fullPath="C:/Users/carlo/Documents/GitHub/YearsOfDesolation-Online-Game/Assets/Scripts/Players/PlayerStates/States/JumpState.cs" />
        <File uid="354" fullPath="C:/Users/carlo/Documents/GitHub/YearsOfDesolation-Online-Game/Assets/Scripts/Players/PlayerStates/States/MovementState.cs" />
        <File uid="355" fullPath="C:/Users/carlo/Documents/GitHub/YearsOfDesolation-Online-Game/Assets/Scripts/Players/PlayerStates/States/SlidingState.cs" />
        <File uid="356" fullPath="C:/Users/carlo/Documents/GitHub/YearsOfDesolation-Online-Game/Assets/Scripts/Players/PlayerStates/States/SprintState.cs" />
        <File uid="357" fullPath="C:/Users/carlo/Documents/GitHub/YearsOfDesolation-Online-Game/Assets/Scripts/NetworkingHandling/ClientManager.cs" />
        <File uid="358" fullPath="C:/Users/carlo/Documents/GitHub/YearsOfDesolation-Online-Game/Assets/Scripts/NetworkingHandling/HostManager.cs" />
        <File uid="359" fullPath="C:/Users/carlo/Documents/GitHub/YearsOfDesolation-Online-Game/Assets/Scripts/Menu/StatsPanel/BuildObjectHandler.cs" />
        <File uid="360" fullPath="C:/Users/carlo/Documents/GitHub/YearsOfDesolation-Online-Game/Assets/Scripts/Menu/StatsPanel/StatsPanelController.cs" />
      </Files>
      <Classes>
        <Class>
          <Summary numSequencePoints="17" visitedSequencePoints="17" numBranchPoints="0" visitedBranchPoints="0" sequenceCoverage="100.0" branchCoverage="0.0" maxCyclomaticComplexity="0" minCyclomaticComplexity="0" maxCrapScore="0" minCrapScore="0" visitedClasses="1" numClasses="1" visitedMethods="2" numMethods="2" />
          <FullName>CrosshairCreator</FullName>
          <Methods>
            <Method visited="true" cyclomaticComplexity="0" nPathComplexity="0" sequenceCoverage="100.0" branchCoverage="0" crapScore="0" isConstructor="false" isStatic="false" isGetter="false" isSetter="false">
              <Summary numSequencePoints="9" visitedSequencePoints="9" numBranchPoints="0" visitedBranchPoints="0" sequenceCoverage="100.0" branchCoverage="0" maxCyclomaticComplexity="0" minCyclomaticComplexity="0" maxCrapScore="0" minCrapScore="0" visitedClasses="0" numClasses="0" visitedMethods="1" numMethods="1" />
              <MetadataToken>100663332</MetadataToken>
              <Name>System.Void CrosshairCreator::Update()</Name>
              <FileRef uid="6" />
              <SequencePoints>
                <SequencePoint vc="3640" uspid="51173" ordinal="0" offset="0" sl="53" sc="5" el="53" ec="5" bec="0" bev="0" fileid="6" />
                <SequencePoint vc="3640" uspid="51174" ordinal="0" offset="1" sl="54" sc="9" el="54" ec="9" bec="0" bev="0" fileid="6" />
                <SequencePoint vc="1820" uspid="51175" ordinal="0" offset="11" sl="55" sc="9" el="55" ec="9" bec="0" bev="0" fileid="6" />
                <SequencePoint vc="1820" uspid="51176" ordinal="0" offset="12" sl="56" sc="13" el="56" ec="13" bec="0" bev="0" fileid="6" />
                <SequencePoint vc="1820" uspid="51177" ordinal="0" offset="23" sl="57" sc="13" el="57" ec="13" bec="0" bev="0" fileid="6" />
                <SequencePoint vc="1820" uspid="51178" ordinal="0" offset="36" sl="58" sc="13" el="58" ec="13" bec="0" bev="0" fileid="6" />
                <SequencePoint vc="1820" uspid="51179" ordinal="0" offset="38" sl="60" sc="9" el="60" ec="9" bec="0" bev="0" fileid="6" />
                <SequencePoint vc="1820" uspid="51180" ordinal="0" offset="55" sl="62" sc="9" el="62" ec="9" bec="0" bev="0" fileid="6" />
                <SequencePoint vc="3640" uspid="51181" ordinal="0" offset="68" sl="64" sc="5" el="64" ec="5" bec="0" bev="0" fileid="6" />
              </SequencePoints>
              <BranchPoints />
            </Method>
            <Method visited="true" cyclomaticComplexity="0" nPathComplexity="0" sequenceCoverage="100.0" branchCoverage="0" crapScore="0" isConstructor="false" isStatic="false" isGetter="false" isSetter="false">
              <Summary numSequencePoints="8" visitedSequencePoints="8" numBranchPoints="0" visitedBranchPoints="0" sequenceCoverage="100.0" branchCoverage="0" maxCyclomaticComplexity="0" minCyclomaticComplexity="0" maxCrapScore="0" minCrapScore="0" visitedClasses="0" numClasses="0" visitedMethods="1" numMethods="1" />
              <MetadataToken>100663335</MetadataToken>
              <Name>System.Void CrosshairCreator::LoadCrosshair(CrossHair)</Name>
              <FileRef uid="6" />
              <SequencePoints>
                <SequencePoint vc="3640" uspid="51197" ordinal="0" offset="0" sl="92" sc="5" el="92" ec="5" bec="0" bev="0" fileid="6" />
                <SequencePoint vc="3640" uspid="51198" ordinal="0" offset="1" sl="93" sc="9" el="93" ec="9" bec="0" bev="0" fileid="6" />
                <SequencePoint vc="3640" uspid="51199" ordinal="0" offset="19" sl="94" sc="9" el="94" ec="9" bec="0" bev="0" fileid="6" />
                <SequencePoint vc="3640" uspid="51200" ordinal="0" offset="37" sl="95" sc="9" el="95" ec="9" bec="0" bev="0" fileid="6" />
                <SequencePoint vc="3640" uspid="51201" ordinal="0" offset="55" sl="96" sc="9" el="96" ec="9" bec="0" bev="0" fileid="6" />
                <SequencePoint vc="3640" uspid="51202" ordinal="0" offset="72" sl="97" sc="9" el="97" ec="9" bec="0" bev="0" fileid="6" />
                <SequencePoint vc="3640" uspid="51203" ordinal="0" offset="90" sl="98" sc="9" el="98" ec="9" bec="0" bev="0" fileid="6" />
                <SequencePoint vc="3640" uspid="51204" ordinal="0" offset="108" sl="101" sc="5" el="101" ec="5" bec="0" bev="0" fileid="6" />
              </SequencePoints>
              <BranchPoints />
            </Method>
          </Methods>
        </Class>
        <Class>
          <Summary numSequencePoints="9" visitedSequencePoints="6" numBranchPoints="0" visitedBranchPoints="0" sequenceCoverage="66.67" branchCoverage="0.0" maxCyclomaticComplexity="0" minCyclomaticComplexity="0" maxCrapScore="0" minCrapScore="0" visitedClasses="1" numClasses="1" visitedMethods="1" numMethods="1" />
          <FullName>CrossHair</FullName>
          <Methods>
            <Method visited="true" cyclomaticComplexity="0" nPathComplexity="0" sequenceCoverage="66.67" branchCoverage="0" crapScore="0" isConstructor="false" isStatic="false" isGetter="false" isSetter="false">
              <Summary numSequencePoints="9" visitedSequencePoints="6" numBranchPoints="0" visitedBranchPoints="0" sequenceCoverage="66.67" branchCoverage="0" maxCyclomaticComplexity="0" minCyclomaticComplexity="0" maxCrapScore="0" minCrapScore="0" visitedClasses="0" numClasses="0" visitedMethods="1" numMethods="1" />
              <MetadataToken>100663343</MetadataToken>
              <Name>System.Void CrossHair::SetRecoilGap(System.Single)</Name>
              <FileRef uid="6" />
              <SequencePoints>
                <SequencePoint vc="3640" uspid="51227" ordinal="0" offset="0" sl="152" sc="5" el="152" ec="5" bec="0" bev="0" fileid="6" />
                <SequencePoint vc="3640" uspid="51228" ordinal="0" offset="1" sl="154" sc="9" el="154" ec="9" bec="0" bev="0" fileid="6" />
                <SequencePoint vc="3640" uspid="51229" ordinal="0" offset="14" sl="155" sc="9" el="155" ec="9" bec="0" bev="0" fileid="6" />
                <SequencePoint vc="3640" uspid="51230" ordinal="0" offset="15" sl="156" sc="13" el="156" ec="13" bec="0" bev="0" fileid="6" />
                <SequencePoint vc="3640" uspid="51231" ordinal="0" offset="29" sl="157" sc="9" el="157" ec="9" bec="0" bev="0" fileid="6" />
                <SequencePoint vc="0" uspid="51232" ordinal="0" offset="32" sl="159" sc="9" el="159" ec="9" bec="0" bev="0" fileid="6" />
                <SequencePoint vc="0" uspid="51233" ordinal="0" offset="33" sl="160" sc="13" el="160" ec="13" bec="0" bev="0" fileid="6" />
                <SequencePoint vc="0" uspid="51234" ordinal="0" offset="45" sl="161" sc="9" el="161" ec="9" bec="0" bev="0" fileid="6" />
                <SequencePoint vc="3640" uspid="51235" ordinal="0" offset="46" sl="164" sc="5" el="164" ec="5" bec="0" bev="0" fileid="6" />
              </SequencePoints>
              <BranchPoints />
            </Method>
          </Methods>
        </Class>
        <Class>
          <Summary numSequencePoints="33" visitedSequencePoints="33" numBranchPoints="0" visitedBranchPoints="0" sequenceCoverage="100.0" branchCoverage="0.0" maxCyclomaticComplexity="0" minCyclomaticComplexity="0" maxCrapScore="0" minCrapScore="0" visitedClasses="1" numClasses="1" visitedMethods="4" numMethods="4" />
          <FullName>CrosshairItem</FullName>
          <Methods>
            <Method visited="true" cyclomaticComplexity="0" nPathComplexity="0" sequenceCoverage="100.0" branchCoverage="0" crapScore="0" isConstructor="false" isStatic="false" isGetter="false" isSetter="false">
              <Summary numSequencePoints="9" visitedSequencePoints="9" numBranchPoints="0" visitedBranchPoints="0" sequenceCoverage="100.0" branchCoverage="0" maxCyclomaticComplexity="0" minCyclomaticComplexity="0" maxCrapScore="0" minCrapScore="0" visitedClasses="0" numClasses="0" visitedMethods="1" numMethods="1" />
              <MetadataToken>100663345</MetadataToken>
              <Name>System.Void CrosshairItem::SetLenght(System.Single)</Name>
              <FileRef uid="7" />
              <SequencePoints>
                <SequencePoint vc="3640" uspid="51247" ordinal="0" offset="0" sl="21" sc="5" el="21" ec="5" bec="0" bev="0" fileid="7" />
                <SequencePoint vc="3640" uspid="51248" ordinal="0" offset="1" sl="22" sc="9" el="22" ec="9" bec="0" bev="0" fileid="7" />
                <SequencePoint vc="3640" uspid="51249" ordinal="0" offset="2" sl="22" sc="33" el="22" ec="33" bec="0" bev="0" fileid="7" />
                <SequencePoint vc="14560" uspid="51250" ordinal="0" offset="13" sl="22" sc="18" el="22" ec="18" bec="0" bev="0" fileid="7" />
                <SequencePoint vc="14560" uspid="51251" ordinal="0" offset="17" sl="23" sc="9" el="23" ec="9" bec="0" bev="0" fileid="7" />
                <SequencePoint vc="14560" uspid="51252" ordinal="0" offset="18" sl="24" sc="13" el="24" ec="13" bec="0" bev="0" fileid="7" />
                <SequencePoint vc="14560" uspid="51253" ordinal="0" offset="52" sl="25" sc="9" el="25" ec="9" bec="0" bev="0" fileid="7" />
                <SequencePoint vc="18200" uspid="51254" ordinal="0" offset="57" sl="22" sc="30" el="22" ec="30" bec="0" bev="0" fileid="7" />
                <SequencePoint vc="3640" uspid="51255" ordinal="0" offset="63" sl="26" sc="5" el="26" ec="5" bec="0" bev="0" fileid="7" />
              </SequencePoints>
              <BranchPoints />
            </Method>
            <Method visited="true" cyclomaticComplexity="0" nPathComplexity="0" sequenceCoverage="100.0" branchCoverage="0" crapScore="0" isConstructor="false" isStatic="false" isGetter="false" isSetter="false">
              <Summary numSequencePoints="9" visitedSequencePoints="9" numBranchPoints="0" visitedBranchPoints="0" sequenceCoverage="100.0" branchCoverage="0" maxCyclomaticComplexity="0" minCyclomaticComplexity="0" maxCrapScore="0" minCrapScore="0" visitedClasses="0" numClasses="0" visitedMethods="1" numMethods="1" />
              <MetadataToken>100663346</MetadataToken>
              <Name>System.Void CrosshairItem::SetColor(UnityEngine.Color)</Name>
              <FileRef uid="7" />
              <SequencePoints>
                <SequencePoint vc="3640" uspid="51256" ordinal="0" offset="0" sl="29" sc="5" el="29" ec="5" bec="0" bev="0" fileid="7" />
                <SequencePoint vc="3640" uspid="51257" ordinal="0" offset="1" sl="30" sc="9" el="30" ec="9" bec="0" bev="0" fileid="7" />
                <SequencePoint vc="3640" uspid="51258" ordinal="0" offset="2" sl="30" sc="33" el="30" ec="33" bec="0" bev="0" fileid="7" />
                <SequencePoint vc="14560" uspid="51259" ordinal="0" offset="13" sl="30" sc="18" el="30" ec="18" bec="0" bev="0" fileid="7" />
                <SequencePoint vc="14560" uspid="51260" ordinal="0" offset="17" sl="31" sc="9" el="31" ec="9" bec="0" bev="0" fileid="7" />
                <SequencePoint vc="14560" uspid="51261" ordinal="0" offset="18" sl="32" sc="13" el="32" ec="13" bec="0" bev="0" fileid="7" />
                <SequencePoint vc="14560" uspid="51262" ordinal="0" offset="26" sl="33" sc="9" el="33" ec="9" bec="0" bev="0" fileid="7" />
                <SequencePoint vc="18200" uspid="51263" ordinal="0" offset="31" sl="30" sc="30" el="30" ec="30" bec="0" bev="0" fileid="7" />
                <SequencePoint vc="3640" uspid="51264" ordinal="0" offset="37" sl="34" sc="5" el="34" ec="5" bec="0" bev="0" fileid="7" />
              </SequencePoints>
              <BranchPoints />
            </Method>
            <Method visited="true" cyclomaticComplexity="0" nPathComplexity="0" sequenceCoverage="100.0" branchCoverage="0" crapScore="0" isConstructor="false" isStatic="false" isGetter="false" isSetter="false">
              <Summary numSequencePoints="9" visitedSequencePoints="9" numBranchPoints="0" visitedBranchPoints="0" sequenceCoverage="100.0" branchCoverage="0" maxCyclomaticComplexity="0" minCyclomaticComplexity="0" maxCrapScore="0" minCrapScore="0" visitedClasses="0" numClasses="0" visitedMethods="1" numMethods="1" />
              <MetadataToken>100663347</MetadataToken>
              <Name>System.Void CrosshairItem::SetWidth(System.Single)</Name>
              <FileRef uid="7" />
              <SequencePoints>
                <SequencePoint vc="3640" uspid="51265" ordinal="0" offset="0" sl="36" sc="5" el="36" ec="5" bec="0" bev="0" fileid="7" />
                <SequencePoint vc="3640" uspid="51266" ordinal="0" offset="1" sl="37" sc="9" el="37" ec="9" bec="0" bev="0" fileid="7" />
                <SequencePoint vc="3640" uspid="51267" ordinal="0" offset="2" sl="37" sc="33" el="37" ec="33" bec="0" bev="0" fileid="7" />
                <SequencePoint vc="14560" uspid="51268" ordinal="0" offset="13" sl="37" sc="18" el="37" ec="18" bec="0" bev="0" fileid="7" />
                <SequencePoint vc="14560" uspid="51269" ordinal="0" offset="17" sl="38" sc="9" el="38" ec="9" bec="0" bev="0" fileid="7" />
                <SequencePoint vc="14560" uspid="51270" ordinal="0" offset="18" sl="39" sc="13" el="39" ec="13" bec="0" bev="0" fileid="7" />
                <SequencePoint vc="14560" uspid="51271" ordinal="0" offset="52" sl="40" sc="9" el="40" ec="9" bec="0" bev="0" fileid="7" />
                <SequencePoint vc="18200" uspid="51272" ordinal="0" offset="57" sl="37" sc="30" el="37" ec="30" bec="0" bev="0" fileid="7" />
                <SequencePoint vc="3640" uspid="51273" ordinal="0" offset="63" sl="41" sc="5" el="41" ec="5" bec="0" bev="0" fileid="7" />
              </SequencePoints>
              <BranchPoints />
            </Method>
            <Method visited="true" cyclomaticComplexity="0" nPathComplexity="0" sequenceCoverage="100.0" branchCoverage="0" crapScore="0" isConstructor="false" isStatic="false" isGetter="false" isSetter="false">
              <Summary numSequencePoints="6" visitedSequencePoints="6" numBranchPoints="0" visitedBranchPoints="0" sequenceCoverage="100.0" branchCoverage="0" maxCyclomaticComplexity="0" minCyclomaticComplexity="0" maxCrapScore="0" minCrapScore="0" visitedClasses="0" numClasses="0" visitedMethods="1" numMethods="1" />
              <MetadataToken>100663348</MetadataToken>
              <Name>System.Void CrosshairItem::SetGap(System.Single)</Name>
              <FileRef uid="7" />
              <SequencePoints>
                <SequencePoint vc="3640" uspid="51274" ordinal="0" offset="0" sl="44" sc="5" el="44" ec="5" bec="0" bev="0" fileid="7" />
                <SequencePoint vc="3640" uspid="51275" ordinal="0" offset="1" sl="45" sc="9" el="45" ec="9" bec="0" bev="0" fileid="7" />
                <SequencePoint vc="3640" uspid="51276" ordinal="0" offset="49" sl="46" sc="9" el="46" ec="9" bec="0" bev="0" fileid="7" />
                <SequencePoint vc="3640" uspid="51277" ordinal="0" offset="98" sl="47" sc="9" el="47" ec="9" bec="0" bev="0" fileid="7" />
                <SequencePoint vc="3640" uspid="51278" ordinal="0" offset="146" sl="48" sc="9" el="48" ec="9" bec="0" bev="0" fileid="7" />
                <SequencePoint vc="3640" uspid="51279" ordinal="0" offset="195" sl="50" sc="5" el="50" ec="5" bec="0" bev="0" fileid="7" />
              </SequencePoints>
              <BranchPoints />
            </Method>
          </Methods>
        </Class>
        <Class>
          <Summary numSequencePoints="12" visitedSequencePoints="6" numBranchPoints="0" visitedBranchPoints="0" sequenceCoverage="50.00" branchCoverage="0.0" maxCyclomaticComplexity="0" minCyclomaticComplexity="0" maxCrapScore="0" minCrapScore="0" visitedClasses="1" numClasses="1" visitedMethods="2" numMethods="2" />
          <FullName>GameController</FullName>
          <Methods>
            <Method visited="true" cyclomaticComplexity="0" nPathComplexity="0" sequenceCoverage="50.00" branchCoverage="0" crapScore="0" isConstructor="false" isStatic="false" isGetter="false" isSetter="false">
              <Summary numSequencePoints="6" visitedSequencePoints="3" numBranchPoints="0" visitedBranchPoints="0" sequenceCoverage="50.00" branchCoverage="0" maxCyclomaticComplexity="0" minCyclomaticComplexity="0" maxCrapScore="0" minCrapScore="0" visitedClasses="0" numClasses="0" visitedMethods="1" numMethods="1" />
              <MetadataToken>100663393</MetadataToken>
              <Name>System.Void GameController::Update()</Name>
              <FileRef uid="11" />
              <SequencePoints>
                <SequencePoint vc="1820" uspid="51396" ordinal="0" offset="0" sl="130" sc="5" el="130" ec="5" bec="0" bev="0" fileid="11" />
                <SequencePoint vc="1820" uspid="51397" ordinal="0" offset="1" sl="132" sc="9" el="132" ec="9" bec="0" bev="0" fileid="11" />
[...]
              <Summary numSequencePoints="4" visitedSequencePoints="0" numBranchPoints="0" visitedBranchPoints="0" sequenceCoverage="0.0" branchCoverage="0" maxCyclomaticComplexity="0" minCyclomaticComplexity="0" maxCrapScore="0" minCrapScore="0" visitedClasses="0" numClasses="0" visitedMethods="0" numMethods="1" />
              <MetadataToken>100666486</MetadataToken>
              <Name>static System.Void Shapes.ListPool[T]::Free(System.Collections.Generic.List[T])</Name>
              <FileRef uid="509" />
              <SequencePoints>
                <SequencePoint vc="0" uspid="100243" ordinal="0" offset="0" sl="23" sc="0" el="23" ec="0" bec="0" bev="0" fileid="509" />
                <SequencePoint vc="0" uspid="100244" ordinal="0" offset="1" sl="24" sc="0" el="24" ec="0" bec="0" bev="0" fileid="509" />
                <SequencePoint vc="0" uspid="100245" ordinal="0" offset="8" sl="25" sc="0" el="25" ec="0" bec="0" bev="0" fileid="509" />
                <SequencePoint vc="0" uspid="100246" ordinal="0" offset="20" sl="26" sc="0" el="26" ec="0" bec="0" bev="0" fileid="509" />
              </SequencePoints>
              <BranchPoints />
            </Method>
            <Method visited="false" cyclomaticComplexity="0" nPathComplexity="0" sequenceCoverage="0.0" branchCoverage="0" crapScore="0" isConstructor="true" isStatic="true" isGetter="false" isSetter="false">
              <Summary numSequencePoints="1" visitedSequencePoints="0" numBranchPoints="0" visitedBranchPoints="0" sequenceCoverage="0.0" branchCoverage="0" maxCyclomaticComplexity="0" minCyclomaticComplexity="0" maxCrapScore="0" minCrapScore="0" visitedClasses="0" numClasses="0" visitedMethods="0" numMethods="1" />
              <MetadataToken>100666487</MetadataToken>
              <Name>static Shapes.ListPool[T]::ListPool()</Name>
              <FileRef uid="509" />
              <SequencePoints>
                <SequencePoint vc="0" uspid="100247" ordinal="0" offset="0" sl="20" sc="0" el="20" ec="0" bec="0" bev="0" fileid="509" />
              </SequencePoints>
              <BranchPoints />
            </Method>
          </Methods>
        </Class>
        <Class>
          <Summary numSequencePoints="29" visitedSequencePoints="0" numBranchPoints="0" visitedBranchPoints="0" sequenceCoverage="0.0" branchCoverage="0.0" maxCyclomaticComplexity="0" minCyclomaticComplexity="0" maxCrapScore="0" minCrapScore="0" visitedClasses="0" numClasses="1" visitedMethods="0" numMethods="4" />
          <FullName>Shapes.ShapesExtensions</FullName>
          <Methods>
            <Method visited="false" cyclomaticComplexity="0" nPathComplexity="0" sequenceCoverage="0.0" branchCoverage="0" crapScore="0" isConstructor="false" isStatic="true" isGetter="false" isSetter="false">
              <Summary numSequencePoints="7" visitedSequencePoints="0" numBranchPoints="0" visitedBranchPoints="0" sequenceCoverage="0.0" branchCoverage="0" maxCyclomaticComplexity="0" minCyclomaticComplexity="0" maxCrapScore="0" minCrapScore="0" visitedClasses="0" numClasses="0" visitedMethods="0" numMethods="1" />
              <MetadataToken>100666514</MetadataToken>
              <Name>static System.Void Shapes.ShapesExtensions::ForEach[T](System.Collections.Generic.IEnumerable[T], System.Action[T])</Name>
              <FileRef uid="519" />
              <SequencePoints>
                <SequencePoint vc="0" uspid="100434" ordinal="0" offset="0" sl="18" sc="0" el="18" ec="0" bec="0" bev="0" fileid="519" />
                <SequencePoint vc="0" uspid="100435" ordinal="0" offset="1" sl="19" sc="0" el="19" ec="0" bec="0" bev="0" fileid="519" />
                <SequencePoint vc="0" uspid="100436" ordinal="0" offset="2" sl="19" sc="0" el="19" ec="0" bec="0" bev="0" fileid="519" />
                <SequencePoint vc="0" uspid="100437" ordinal="0" offset="11" sl="19" sc="0" el="19" ec="0" bec="0" bev="0" fileid="519" />
                <SequencePoint vc="0" uspid="100438" ordinal="0" offset="18" sl="20" sc="0" el="20" ec="0" bec="0" bev="0" fileid="519" />
                <SequencePoint vc="0" uspid="100439" ordinal="0" offset="26" sl="19" sc="0" el="19" ec="0" bec="0" bev="0" fileid="519" />
                <SequencePoint vc="0" uspid="100440" ordinal="0" offset="47" sl="21" sc="0" el="21" ec="0" bec="0" bev="0" fileid="519" />
              </SequencePoints>
              <BranchPoints />
            </Method>
            <Method visited="false" cyclomaticComplexity="0" nPathComplexity="0" sequenceCoverage="0.0" branchCoverage="0" crapScore="0" isConstructor="false" isStatic="true" isGetter="false" isSetter="false">
              <Summary numSequencePoints="9" visitedSequencePoints="0" numBranchPoints="0" visitedBranchPoints="0" sequenceCoverage="0.0" branchCoverage="0" maxCyclomaticComplexity="0" minCyclomaticComplexity="0" maxCrapScore="0" minCrapScore="0" visitedClasses="0" numClasses="0" visitedMethods="0" numMethods="1" />
              <MetadataToken>100666526</MetadataToken>
              <Name>static System.Int32 Shapes.ShapesExtensions::Product[T](System.Collections.Generic.IEnumerable[T], System.Func[T,Int32])</Name>
              <FileRef uid="519" />
              <SequencePoints>
                <SequencePoint vc="0" uspid="100472" ordinal="0" offset="0" sl="91" sc="0" el="91" ec="0" bec="0" bev="0" fileid="519" />
                <SequencePoint vc="0" uspid="100473" ordinal="0" offset="1" sl="92" sc="0" el="92" ec="0" bec="0" bev="0" fileid="519" />
                <SequencePoint vc="0" uspid="100474" ordinal="0" offset="3" sl="93" sc="0" el="93" ec="0" bec="0" bev="0" fileid="519" />
                <SequencePoint vc="0" uspid="100475" ordinal="0" offset="4" sl="93" sc="0" el="93" ec="0" bec="0" bev="0" fileid="519" />
                <SequencePoint vc="0" uspid="100476" ordinal="0" offset="13" sl="93" sc="0" el="93" ec="0" bec="0" bev="0" fileid="519" />
                <SequencePoint vc="0" uspid="100477" ordinal="0" offset="20" sl="94" sc="0" el="94" ec="0" bec="0" bev="0" fileid="519" />
                <SequencePoint vc="0" uspid="100478" ordinal="0" offset="30" sl="93" sc="0" el="93" ec="0" bec="0" bev="0" fileid="519" />
                <SequencePoint vc="0" uspid="100479" ordinal="0" offset="51" sl="95" sc="0" el="95" ec="0" bec="0" bev="0" fileid="519" />
                <SequencePoint vc="0" uspid="100480" ordinal="0" offset="55" sl="96" sc="0" el="96" ec="0" bec="0" bev="0" fileid="519" />
              </SequencePoints>
              <BranchPoints />
            </Method>
            <Method visited="false" cyclomaticComplexity="0" nPathComplexity="0" sequenceCoverage="0.0" branchCoverage="0" crapScore="0" isConstructor="false" isStatic="true" isGetter="false" isSetter="false">
              <Summary numSequencePoints="9" visitedSequencePoints="0" numBranchPoints="0" visitedBranchPoints="0" sequenceCoverage="0.0" branchCoverage="0" maxCyclomaticComplexity="0" minCyclomaticComplexity="0" maxCrapScore="0" minCrapScore="0" visitedClasses="0" numClasses="0" visitedMethods="0" numMethods="1" />
              <MetadataToken>100666527</MetadataToken>
              <Name>static System.Single Shapes.ShapesExtensions::Product[T](System.Collections.Generic.IEnumerable[T], System.Func[T,Single])</Name>
              <FileRef uid="519" />
              <SequencePoints>
                <SequencePoint vc="0" uspid="100481" ordinal="0" offset="0" sl="98" sc="0" el="98" ec="0" bec="0" bev="0" fileid="519" />
                <SequencePoint vc="0" uspid="100482" ordinal="0" offset="1" sl="99" sc="0" el="99" ec="0" bec="0" bev="0" fileid="519" />
                <SequencePoint vc="0" uspid="100483" ordinal="0" offset="7" sl="100" sc="0" el="100" ec="0" bec="0" bev="0" fileid="519" />
                <SequencePoint vc="0" uspid="100484" ordinal="0" offset="8" sl="100" sc="0" el="100" ec="0" bec="0" bev="0" fileid="519" />
                <SequencePoint vc="0" uspid="100485" ordinal="0" offset="17" sl="100" sc="0" el="100" ec="0" bec="0" bev="0" fileid="519" />
                <SequencePoint vc="0" uspid="100486" ordinal="0" offset="24" sl="101" sc="0" el="101" ec="0" bec="0" bev="0" fileid="519" />
                <SequencePoint vc="0" uspid="100487" ordinal="0" offset="34" sl="100" sc="0" el="100" ec="0" bec="0" bev="0" fileid="519" />
                <SequencePoint vc="0" uspid="100488" ordinal="0" offset="55" sl="102" sc="0" el="102" ec="0" bec="0" bev="0" fileid="519" />
                <SequencePoint vc="0" uspid="100489" ordinal="0" offset="59" sl="103" sc="0" el="103" ec="0" bec="0" bev="0" fileid="519" />
              </SequencePoints>
              <BranchPoints />
            </Method>
            <Method visited="false" cyclomaticComplexity="0" nPathComplexity="0" sequenceCoverage="0.0" branchCoverage="0" crapScore="0" isConstructor="false" isStatic="true" isGetter="false" isSetter="false">
              <Summary numSequencePoints="4" visitedSequencePoints="0" numBranchPoints="0" visitedBranchPoints="0" sequenceCoverage="0.0" branchCoverage="0" maxCyclomaticComplexity="0" minCyclomaticComplexity="0" maxCrapScore="0" minCrapScore="0" visitedClasses="0" numClasses="0" visitedMethods="0" numMethods="1" />
              <MetadataToken>100666531</MetadataToken>
              <Name>static System.Void Shapes.ShapesExtensions::Deconstruct[T](System.Collections.Generic.IList[T], , )</Name>
              <FileRef uid="519" />
              <SequencePoints>
                <SequencePoint vc="0" uspid="100497" ordinal="0" offset="0" sl="130" sc="0" el="130" ec="0" bec="0" bev="0" fileid="519" />
                <SequencePoint vc="0" uspid="100498" ordinal="0" offset="1" sl="131" sc="0" el="131" ec="0" bec="0" bev="0" fileid="519" />
                <SequencePoint vc="0" uspid="100499" ordinal="0" offset="34" sl="132" sc="0" el="132" ec="0" bec="0" bev="0" fileid="519" />
                <SequencePoint vc="0" uspid="100500" ordinal="0" offset="67" sl="133" sc="0" el="133" ec="0" bec="0" bev="0" fileid="519" />
              </SequencePoints>
              <BranchPoints />
            </Method>
          </Methods>
        </Class>
        <Class>
          <Summary numSequencePoints="14" visitedSequencePoints="0" numBranchPoints="0" visitedBranchPoints="0" sequenceCoverage="0.0" branchCoverage="0.0" maxCyclomaticComplexity="0" minCyclomaticComplexity="0" maxCrapScore="0" minCrapScore="0" visitedClasses="0" numClasses="1" visitedMethods="0" numMethods="6" />
          <FullName>Shapes.ShapesIO</FullName>
          <Methods>
            <Method visited="false" cyclomaticComplexity="0" nPathComplexity="0" sequenceCoverage="0.0" branchCoverage="0" crapScore="0" isConstructor="false" isStatic="true" isGetter="false" isSetter="false">
              <Summary numSequencePoints="4" visitedSequencePoints="0" numBranchPoints="0" visitedBranchPoints="0" sequenceCoverage="0.0" branchCoverage="0" maxCyclomaticComplexity="0" minCyclomaticComplexity="0" maxCrapScore="0" minCrapScore="0" visitedClasses="0" numClasses="0" visitedMethods="0" numMethods="1" />
              <MetadataToken>100666559</MetadataToken>
              <Name>static T Shapes.ShapesIO::LoadAssetWithGUID[T](System.String)</Name>
              <FileRef uid="520" />
              <SequencePoints>
                <SequencePoint vc="0" uspid="100605" ordinal="0" offset="0" sl="100" sc="0" el="100" ec="0" bec="0" bev="0" fileid="520" />
                <SequencePoint vc="0" uspid="100606" ordinal="0" offset="1" sl="101" sc="0" el="101" ec="0" bec="0" bev="0" fileid="520" />
                <SequencePoint vc="0" uspid="100607" ordinal="0" offset="8" sl="102" sc="0" el="102" ec="0" bec="0" bev="0" fileid="520" />
                <SequencePoint vc="0" uspid="100608" ordinal="0" offset="17" sl="103" sc="0" el="103" ec="0" bec="0" bev="0" fileid="520" />
              </SequencePoints>
              <BranchPoints />
            </Method>
            <Method visited="false" cyclomaticComplexity="0" nPathComplexity="0" sequenceCoverage="0.0" branchCoverage="0" crapScore="0" isConstructor="false" isStatic="true" isGetter="false" isSetter="false">
              <Summary numSequencePoints="1" visitedSequencePoints="0" numBranchPoints="0" visitedBranchPoints="0" sequenceCoverage="0.0" branchCoverage="0" maxCyclomaticComplexity="0" minCyclomaticComplexity="0" maxCrapScore="0" minCrapScore="0" visitedClasses="0" numClasses="0" visitedMethods="0" numMethods="1" />
              <MetadataToken>100666560</MetadataToken>
              <Name>static System.String[] Shapes.ShapesIO::FindAllAssetGUIDs[T]()</Name>
              <FileRef uid="520" />
              <SequencePoints>
                <SequencePoint vc="0" uspid="100609" ordinal="0" offset="0" sl="105" sc="0" el="105" ec="0" bec="0" bev="0" fileid="520" />
              </SequencePoints>
              <BranchPoints />
            </Method>
            <Method visited="false" cyclomaticComplexity="0" nPathComplexity="0" sequenceCoverage="0.0" branchCoverage="0" crapScore="0" isConstructor="false" isStatic="true" isGetter="false" isSetter="false">
              <Summary numSequencePoints="3" visitedSequencePoints="0" numBranchPoints="0" visitedBranchPoints="0" sequenceCoverage="0.0" branchCoverage="0" maxCyclomaticComplexity="0" minCyclomaticComplexity="0" maxCrapScore="0" minCrapScore="0" visitedClasses="0" numClasses="0" visitedMethods="0" numMethods="1" />
              <MetadataToken>100666561</MetadataToken>
              <Name>static System.String[] Shapes.ShapesIO::FindAllAssetGUIDs[T](System.String)</Name>
              <FileRef uid="520" />
              <SequencePoints>
                <SequencePoint vc="0" uspid="100610" ordinal="0" offset="0" sl="107" sc="0" el="107" ec="0" bec="0" bev="0" fileid="520" />
                <SequencePoint vc="0" uspid="100611" ordinal="0" offset="1" sl="108" sc="0" el="108" ec="0" bec="0" bev="0" fileid="520" />
                <SequencePoint vc="0" uspid="100612" ordinal="0" offset="44" sl="109" sc="0" el="109" ec="0" bec="0" bev="0" fileid="520" />
              </SequencePoints>
              <BranchPoints />
            </Method>
            <Method visited="false" cyclomaticComplexity="0" nPathComplexity="0" sequenceCoverage="0.0" branchCoverage="0" crapScore="0" isConstructor="false" isStatic="true" isGetter="false" isSetter="false">
              <Summary numSequencePoints="4" visitedSequencePoints="0" numBranchPoints="0" visitedBranchPoints="0" sequenceCoverage="0.0" branchCoverage="0" maxCyclomaticComplexity="0" minCyclomaticComplexity="0" maxCrapScore="0" minCrapScore="0" visitedClasses="0" numClasses="0" visitedMethods="0" numMethods="1" />
              <MetadataToken>100666562</MetadataToken>
              <Name>static T Shapes.ShapesIO::TryLoadSingletonAsset[T]()</Name>
              <FileRef uid="520" />
              <SequencePoints>
                <SequencePoint vc="0" uspid="100613" ordinal="0" offset="0" sl="111" sc="0" el="111" ec="0" bec="0" bev="0" fileid="520" />
                <SequencePoint vc="0" uspid="100614" ordinal="0" offset="1" sl="112" sc="0" el="112" ec="0" bec="0" bev="0" fileid="520" />
                <SequencePoint vc="0" uspid="100615" ordinal="0" offset="7" sl="113" sc="0" el="113" ec="0" bec="0" bev="0" fileid="520" />
                <SequencePoint vc="0" uspid="100616" ordinal="0" offset="33" sl="114" sc="0" el="114" ec="0" bec="0" bev="0" fileid="520" />
              </SequencePoints>
              <BranchPoints />
            </Method>
            <Method visited="false" cyclomaticComplexity="0" nPathComplexity="0" sequenceCoverage="0.0" branchCoverage="0" crapScore="0" isConstructor="false" isStatic="true" isGetter="false" isSetter="false">
              <Summary numSequencePoints="1" visitedSequencePoints="0" numBranchPoints="0" visitedBranchPoints="0" sequenceCoverage="0.0" branchCoverage="0" maxCyclomaticComplexity="0" minCyclomaticComplexity="0" maxCrapScore="0" minCrapScore="0" visitedClasses="0" numClasses="0" visitedMethods="0" numMethods="1" />
              <MetadataToken>100666563</MetadataToken>
              <Name>static System.Collections.Generic.IEnumerable[T] Shapes.ShapesIO::LoadAllAssets[T](System.String)</Name>
              <FileRef uid="520" />
              <SequencePoints>
                <SequencePoint vc="0" uspid="100617" ordinal="0" offset="0" sl="116" sc="0" el="116" ec="0" bec="0" bev="0" fileid="520" />
              </SequencePoints>
              <BranchPoints />
            </Method>
            <Method visited="false" cyclomaticComplexity="0" nPathComplexity="0" sequenceCoverage="0.0" branchCoverage="0" crapScore="0" isConstructor="false" isStatic="true" isGetter="false" isSetter="false">
              <Summary numSequencePoints="1" visitedSequencePoints="0" numBranchPoints="0" visitedBranchPoints="0" sequenceCoverage="0.0" branchCoverage="0" maxCyclomaticComplexity="0" minCyclomaticComplexity="0" maxCrapScore="0" minCrapScore="0" visitedClasses="0" numClasses="0" visitedMethods="0" numMethods="1" />
              <MetadataToken>100666564</MetadataToken>
              <Name>static System.Collections.Generic.IEnumerable[T] Shapes.ShapesIO::LoadAllAssets[T]()</Name>
              <FileRef uid="520" />
              <SequencePoints>
                <SequencePoint vc="0" uspid="100618" ordinal="0" offset="0" sl="117" sc="0" el="117" ec="0" bec="0" bev="0" fileid="520" />
              </SequencePoints>
              <BranchPoints />
            </Method>
          </Methods>
        </Class>
        <Class>
          <Summary numSequencePoints="7" visitedSequencePoints="0" numBranchPoints="0" visitedBranchPoints="0" sequenceCoverage="0.0" branchCoverage="0.0" maxCyclomaticComplexity="0" minCyclomaticComplexity="0" maxCrapScore="0" minCrapScore="0" visitedClasses="0" numClasses="1" visitedMethods="0" numMethods="1" />
          <FullName>Shapes.ShapesExtensions&lt;Zip&gt;d__14[T1,T2,T3,TResult]</FullName>
          <Methods>
            <Method visited="false" cyclomaticComplexity="0" nPathComplexity="0" sequenceCoverage="0.0" branchCoverage="0" crapScore="0" isConstructor="false" isStatic="false" isGetter="false" isSetter="false">
              <Summary numSequencePoints="7" visitedSequencePoints="0" numBranchPoints="0" visitedBranchPoints="0" sequenceCoverage="0.0" branchCoverage="0" maxCyclomaticComplexity="0" minCyclomaticComplexity="0" maxCrapScore="0" minCrapScore="0" visitedClasses="0" numClasses="0" visitedMethods="0" numMethods="1" />
              <MetadataToken>100666737</MetadataToken>
              <Name>System.Boolean Shapes.ShapesExtensions&lt;Zip&gt;d__14[T1,T2,T3,TResult]::MoveNext()</Name>
              <FileRef uid="519" />
              <SequencePoints>
                <SequencePoint vc="0" uspid="101533" ordinal="0" offset="39" sl="107" sc="0" el="107" ec="0" bec="0" bev="0" fileid="519" />
                <SequencePoint vc="0" uspid="101534" ordinal="0" offset="40" sl="108" sc="0" el="108" ec="0" bec="0" bev="0" fileid="519" />
                <SequencePoint vc="0" uspid="101535" ordinal="0" offset="65" sl="109" sc="0" el="109" ec="0" bec="0" bev="0" fileid="519" />
                <SequencePoint vc="0" uspid="101536" ordinal="0" offset="90" sl="110" sc="0" el="110" ec="0" bec="0" bev="0" fileid="519" />
                <SequencePoint vc="0" uspid="101537" ordinal="0" offset="117" sl="112" sc="0" el="112" ec="0" bec="0" bev="0" fileid="519" />
                <SequencePoint vc="0" uspid="101538" ordinal="0" offset="186" sl="111" sc="0" el="111" ec="0" bec="0" bev="0" fileid="519" />
                <SequencePoint vc="0" uspid="101539" ordinal="0" offset="272" sl="113" sc="0" el="113" ec="0" bec="0" bev="0" fileid="519" />
              </SequencePoints>
              <BranchPoints />
            </Method>
          </Methods>
        </Class>
      </Classes>
    </Module>
  </Modules>
</CoverageSession>